"9/6/2014 5:09:45 PM","SpiderClass.PrintDebugMessage","Verify Seed (/index.php)"
"9/6/2014 5:09:45 PM","SpiderClass.PrintDebugMessage","Lookup document(s) to spider"
"9/6/2014 5:09:45 PM","SpiderClass.PrintDebugMessage","Remove links from deleted documents"
"9/6/2014 5:09:45 PM","SpiderClass.PrintDebugMessage","Remove links to deleted documents"
"9/6/2014 5:09:45 PM","SpiderClass.PrintDebugMessage","Remove errors from deleted documents"
"9/6/2014 5:09:45 PM","SpiderClass.PrintDebugMessage","Load URL exclude list"
"9/6/2014 5:09:45 PM","SpiderClass.PrintDebugMessage","Load URL ignore list"
"9/6/2014 5:09:45 PM","SpiderClass.PrintDebugMessage","Spider the first available document"
"9/6/2014 5:09:45 PM","SpiderClass.PrintDebugMessage","Spidering link [HTTP://jay4-aoSpider/index.php]"
"9/6/2014 5:09:45 PM","SpiderClass.PrintDebugMessage","Requesting document from server [HTTP://jay4-aoSpider/index.php]"
"9/6/2014 5:09:45 PM","SpiderClass.PrintDebugMessage","Pre-Authentication, did not pre-authorize because cookiename [jay4-aospidervisitor] <> visit"
"9/6/2014 5:09:45 PM","SpiderClass.PrintDebugMessage","Cookie good, adding to HTTP header."
"9/6/2014 5:09:45 PM","SpiderClass.PrintDebugMessage","non-Persistant cookie has expired (every midnight), deleted."
"9/6/2014 5:09:45 PM","SpiderClass.PrintDebugMessage","Pre-Authentication, did not pre-authorize because not cookiegood"
"9/6/2014 5:09:45 PM","SpiderClass.PrintDebugMessage","Getting Document..."
"9/6/2014 5:09:45 PM","SpiderClass.SpiderLink_GetDoc","fetching [HTTP://jay4-aoSpider/index.php]+[c:\inetpub\jay4-aoSpider\files\SpiderWorking\529425235.in]"
"9/6/2014 5:09:47 PM","SpiderClass.PrintDebugMessage","Document request complete [HTTP://jay4-aoSpider/index.php]"
"9/6/2014 5:09:47 PM","SpiderClass.PrintDebugMessage","Analyzing document from link [HTTP://jay4-aoSpider/index.php]"
"9/6/2014 5:09:47 PM","SpiderClass.PrintDebugMessage","Parsing HTTP header"
"9/6/2014 5:09:47 PM","SpiderClass.PrintDebugMessage","Parsing HTTP header, header lines found(15)"
"9/6/2014 5:09:47 PM","SpiderClass.PrintDebugMessage","Parsing HTTP header, Content-Length header (3429)"
"9/6/2014 5:09:47 PM","SpiderClass.PrintDebugMessage","Parsing HTTP header, Content-type header (text/html)"
"9/6/2014 5:09:47 PM","SpiderClass.PrintDebugMessage","Analyzing document, header response status [HTTP/1.1 200 OK] shows successful request"
"9/6/2014 5:09:47 PM","SpiderClass.PrintDebugMessage","Analyze tags, body [3429] bytes"
"9/6/2014 5:09:47 PM","SpiderClass.PrintDebugMessage","Analyze tags, [134] elements found"
"9/6/2014 5:09:47 PM","SpiderClass.PrintDebugMessage","AddLink, [http://jay4-aoSpider/Home]"
"9/6/2014 5:09:47 PM","SpiderClass.PrintDebugMessage","AddLink, AddToDocs, doclinkcount=2, ToDoc was found, ID=2, spiderlink added FromDocid=1, ToDocID=2"
"9/6/2014 5:09:47 PM","SpiderClass.PrintDebugMessage","AddLink, [http://jay4-aospider/jay4-aoSpider/files/ccLibraryFiles/Filename/000000000001/BestPractices-Development.pdf]"
"9/6/2014 5:09:47 PM","SpiderClass.PrintDebugMessage","AddLink, AddToDocs, doclinkcount=3, ToDoc was found, ID=3, spiderlink added FromDocid=1, ToDocID=3"
"9/6/2014 5:09:47 PM","SpiderClass.PrintDebugMessage","AddLink, [index.php?bid=1&method=login]"
"9/6/2014 5:09:47 PM","SpiderClass.PrintDebugMessage","IsExcludedURL, This link is excluded because it is in the URLExcludeList [LOGIN]"
"9/6/2014 5:09:47 PM","SpiderClass.PrintDebugMessage","AddLink, not added to links because it was blocked by an Exclude Filter []"
"9/6/2014 5:09:47 PM","SpiderClass.PrintDebugMessage","AddLink, [/ccLib/images/ccLibLogin.GIF]"
"9/6/2014 5:09:47 PM","SpiderClass.PrintDebugMessage","AddLink, not added to links because it is an included element, not a linked element"
"9/6/2014 5:09:47 PM","SpiderClass.PrintDebugMessage","AddLink, [http://www.contensive.com]"
"9/6/2014 5:09:47 PM","SpiderClass.PrintDebugMessage","AddLink, AddToDocs, doclinkcount=4, ToDoc was found, ID=4, spiderlink added FromDocid=1, ToDocID=4"
"9/6/2014 5:09:47 PM","SpiderClass.PrintDebugMessage","AddLink, [/ccLib/images/spacer.gif]"
"9/6/2014 5:09:47 PM","SpiderClass.PrintDebugMessage","AddLink, not added to links because it is an included element, not a linked element"
"9/6/2014 5:09:47 PM","SpiderClass.PrintDebugMessage","Analyze tags, [60] tags found"
"9/6/2014 5:09:47 PM","SpiderClass.PrintDebugMessage","Analyzing complete for link [HTTP://jay4-aoSpider/index.php]"
"9/6/2014 5:09:47 PM","SpiderClass.PrintDebugMessage","Saving document results to database"
"9/6/2014 5:09:47 PM","SpiderClass.SpiderLink","Document [HTTP://jay4-aoSpider/index.php] fetched, http status [HTTP/1.1 200 OK], 3429 characters found"
"9/6/2014 5:09:47 PM","SpiderClass.PrintDebugMessage","Application jay4-aoSpider has finished"
"9/6/2014 5:14:47 PM","SpiderClass.PrintDebugMessage","Verify Seed (/index.php)"
"9/6/2014 5:14:47 PM","SpiderClass.PrintDebugMessage","Lookup document(s) to spider"
"9/6/2014 5:14:47 PM","SpiderClass.PrintDebugMessage","Remove links from deleted documents"
"9/6/2014 5:14:47 PM","SpiderClass.PrintDebugMessage","Remove links to deleted documents"
"9/6/2014 5:14:47 PM","SpiderClass.PrintDebugMessage","Remove errors from deleted documents"
"9/6/2014 5:14:47 PM","SpiderClass.PrintDebugMessage","Load URL exclude list"
"9/6/2014 5:14:47 PM","SpiderClass.PrintDebugMessage","Load URL ignore list"
"9/6/2014 5:14:47 PM","SpiderClass.PrintDebugMessage","Spider the first available document"
"9/6/2014 5:14:47 PM","SpiderClass.PrintDebugMessage","Spidering link [http://www.contensive.com/]"
"9/6/2014 5:14:47 PM","SpiderClass.PrintDebugMessage","Requesting document from server [http://www.contensive.com/]"
"9/6/2014 5:14:47 PM","SpiderClass.PrintDebugMessage","non-Persistant cookie has expired (every midnight), deleted."
"9/6/2014 5:14:47 PM","SpiderClass.PrintDebugMessage","Pre-Authentication, did not pre-authorize because not cookiegood"
"9/6/2014 5:14:47 PM","SpiderClass.PrintDebugMessage","Pre-Authentication, did not pre-authorize because cookiename [kmaintranetvisitor] <> visit"
"9/6/2014 5:14:47 PM","SpiderClass.PrintDebugMessage","Cookie good, adding to HTTP header."
"9/6/2014 5:14:48 PM","SpiderClass.PrintDebugMessage","Getting Document..."
"9/6/2014 5:14:48 PM","SpiderClass.SpiderLink_GetDoc","fetching [http://www.contensive.com/]+[c:\inetpub\jay4-aoSpider\files\SpiderWorking\718794441.in]"
"9/6/2014 5:14:53 PM","SpiderClass.PrintDebugMessage","Document request complete [http://www.contensive.com/]"
"9/6/2014 5:14:53 PM","SpiderClass.PrintDebugMessage","Analyzing document from link [http://www.contensive.com/]"
"9/6/2014 5:14:53 PM","SpiderClass.PrintDebugMessage","Parsing HTTP header"
"9/6/2014 5:14:53 PM","SpiderClass.PrintDebugMessage","Parsing HTTP header, header lines found(15)"
"9/6/2014 5:14:53 PM","SpiderClass.PrintDebugMessage","Parsing HTTP header, Content-Length header (21141)"
"9/6/2014 5:14:53 PM","SpiderClass.PrintDebugMessage","Parsing HTTP header, Content-type header (text/html)"
"9/6/2014 5:14:53 PM","SpiderClass.PrintDebugMessage","Analyzing document, header response status [HTTP/1.1 200 OK] shows successful request"
"9/6/2014 5:14:53 PM","SpiderClass.PrintDebugMessage","Analyze document, document not analyzed because link [http://www.contensive.com/] is not in the root domain [HTTP://jay4-aoSpider/]"
"9/6/2014 5:14:53 PM","SpiderClass.PrintDebugMessage","Analyzing complete for link [http://www.contensive.com/]"
"9/6/2014 5:14:53 PM","SpiderClass.PrintDebugMessage","Saving document results to database"
"9/6/2014 5:14:53 PM","SpiderClass.SpiderLink","Document [http://www.contensive.com/] fetched, http status [HTTP/1.1 200 OK], 21141 characters found"
"9/6/2014 5:14:53 PM","SpiderClass.PrintDebugMessage","Application jay4-aoSpider has finished"
"9/6/2014 5:20:46 PM","SpiderClass.PrintDebugMessage","Verify Seed (/index.php)"
"9/6/2014 5:20:46 PM","SpiderClass.PrintDebugMessage","Lookup document(s) to spider"
"9/6/2014 5:20:46 PM","SpiderClass.PrintDebugMessage","Remove links from deleted documents"
"9/6/2014 5:20:46 PM","SpiderClass.PrintDebugMessage","Remove links to deleted documents"
"9/6/2014 5:20:46 PM","SpiderClass.PrintDebugMessage","Remove errors from deleted documents"
"9/6/2014 5:20:46 PM","SpiderClass.PrintDebugMessage","Load URL exclude list"
"9/6/2014 5:20:46 PM","SpiderClass.PrintDebugMessage","Load URL ignore list"
"9/6/2014 5:20:46 PM","SpiderClass.PrintDebugMessage","Spider the first available document"
"9/6/2014 5:20:46 PM","SpiderClass.PrintDebugMessage","Spidering link [HTTP://jay4-aoSpider/Home]"
"9/6/2014 5:20:46 PM","SpiderClass.PrintDebugMessage","Requesting document from server [HTTP://jay4-aoSpider/Home]"
"9/6/2014 5:20:46 PM","SpiderClass.PrintDebugMessage","Pre-Authentication, did not pre-authorize because cookiename [jay4-aospidervisitor] <> visit"
"9/6/2014 5:20:46 PM","SpiderClass.PrintDebugMessage","Cookie good, adding to HTTP header."
"9/6/2014 5:20:46 PM","SpiderClass.PrintDebugMessage","Pre-Authentication, did not pre-authorize because cookiename [jay4-aospidervisit] <> visit"
"9/6/2014 5:20:46 PM","SpiderClass.PrintDebugMessage","Cookie good, adding to HTTP header."
"9/6/2014 5:20:47 PM","SpiderClass.PrintDebugMessage","Getting Document..."
"9/6/2014 5:20:47 PM","SpiderClass.SpiderLink_GetDoc","fetching [HTTP://jay4-aoSpider/Home]+[c:\inetpub\jay4-aoSpider\files\SpiderWorking\861105456.in]"
"9/6/2014 5:20:47 PM","SpiderClass.PrintDebugMessage","Document request complete [HTTP://jay4-aoSpider/Home]"
"9/6/2014 5:20:47 PM","SpiderClass.PrintDebugMessage","Analyzing document from link [HTTP://jay4-aoSpider/Home]"
"9/6/2014 5:20:47 PM","SpiderClass.PrintDebugMessage","Parsing HTTP header"
"9/6/2014 5:20:47 PM","SpiderClass.PrintDebugMessage","Parsing HTTP header, header lines found(14)"
"9/6/2014 5:20:47 PM","SpiderClass.PrintDebugMessage","Parsing HTTP header, Content-Length header (3221)"
"9/6/2014 5:20:47 PM","SpiderClass.PrintDebugMessage","Parsing HTTP header, Content-type header (text/html)"
"9/6/2014 5:20:47 PM","SpiderClass.PrintDebugMessage","Analyzing document, header response status [HTTP/1.1 200 OK] shows successful request"
"9/6/2014 5:20:47 PM","SpiderClass.PrintDebugMessage","Analyze tags, body [3221] bytes"
"9/6/2014 5:20:47 PM","SpiderClass.PrintDebugMessage","Analyze tags, [130] elements found"
"9/6/2014 5:20:47 PM","SpiderClass.PrintDebugMessage","AddLink, [http://jay4-aoSpider/Home]"
"9/6/2014 5:20:47 PM","SpiderClass.PrintDebugMessage","AddLink, AddToDocs, doclinkcount=2, ToDoc was found, ID=2"
"9/6/2014 5:20:47 PM","SpiderClass.PrintDebugMessage","AddLink, [http://jay4-aospider/jay4-aoSpider/files/ccLibraryFiles/Filename/000000000001/BestPractices-Development.pdf]"
"9/6/2014 5:20:47 PM","SpiderClass.PrintDebugMessage","AddLink, AddToDocs, doclinkcount=3, ToDoc was found, ID=3, spiderlink added FromDocid=2, ToDocID=3"
"9/6/2014 5:20:47 PM","SpiderClass.PrintDebugMessage","AddLink, [index.php?bid=1&method=login]"
"9/6/2014 5:20:47 PM","SpiderClass.PrintDebugMessage","IsExcludedURL, This link is excluded because it is in the URLExcludeList [LOGIN]"
"9/6/2014 5:20:47 PM","SpiderClass.PrintDebugMessage","AddLink, not added to links because it was blocked by an Exclude Filter []"
"9/6/2014 5:20:47 PM","SpiderClass.PrintDebugMessage","AddLink, [/ccLib/images/ccLibLogin.GIF]"
"9/6/2014 5:20:47 PM","SpiderClass.PrintDebugMessage","AddLink, not added to links because it is an included element, not a linked element"
"9/6/2014 5:20:47 PM","SpiderClass.PrintDebugMessage","AddLink, [http://www.contensive.com]"
"9/6/2014 5:20:47 PM","SpiderClass.PrintDebugMessage","AddLink, AddToDocs, doclinkcount=4, ToDoc was found, ID=4, spiderlink added FromDocid=2, ToDocID=4"
"9/6/2014 5:20:47 PM","SpiderClass.PrintDebugMessage","AddLink, [/ccLib/images/spacer.gif]"
"9/6/2014 5:20:47 PM","SpiderClass.PrintDebugMessage","AddLink, not added to links because it is an included element, not a linked element"
"9/6/2014 5:20:47 PM","SpiderClass.PrintDebugMessage","Analyze tags, [59] tags found"
"9/6/2014 5:20:47 PM","SpiderClass.PrintDebugMessage","Analyzing complete for link [HTTP://jay4-aoSpider/Home]"
"9/6/2014 5:20:47 PM","SpiderClass.PrintDebugMessage","Saving document results to database"
"9/6/2014 5:20:47 PM","SpiderClass.SpiderLink","Document [HTTP://jay4-aoSpider/Home] fetched, http status [HTTP/1.1 200 OK], 3221 characters found"
"9/6/2014 5:20:47 PM","SpiderClass.PrintDebugMessage","Application jay4-aoSpider has finished"
"9/6/2014 5:26:45 PM","SpiderClass.PrintDebugMessage","Verify Seed (/index.php)"
"9/6/2014 5:26:45 PM","SpiderClass.PrintDebugMessage","Lookup document(s) to spider"
"9/6/2014 5:26:45 PM","SpiderClass.PrintDebugMessage","Remove links from deleted documents"
"9/6/2014 5:26:45 PM","SpiderClass.PrintDebugMessage","Remove links to deleted documents"
"9/6/2014 5:26:45 PM","SpiderClass.PrintDebugMessage","Remove errors from deleted documents"
"9/6/2014 5:26:45 PM","SpiderClass.PrintDebugMessage","Load URL exclude list"
"9/6/2014 5:26:45 PM","SpiderClass.PrintDebugMessage","Load URL ignore list"
"9/6/2014 5:26:45 PM","SpiderClass.PrintDebugMessage","Spider the first available document"
"9/6/2014 5:26:45 PM","SpiderClass.PrintDebugMessage","Spidering link [HTTP://jay4-aoSpider/jay4-aoSpider/files/ccLibraryFiles/Filename/000000000001/BestPractices-Development.pdf]"
"9/6/2014 5:26:45 PM","SpiderClass.PrintDebugMessage","Requesting document from server [HTTP://jay4-aoSpider/jay4-aoSpider/files/ccLibraryFiles/Filename/000000000001/BestPractices-Development.pdf]"
"9/6/2014 5:26:45 PM","SpiderClass.PrintDebugMessage","Pre-Authentication, did not pre-authorize because cookiename [jay4-aospidervisitor] <> visit"
"9/6/2014 5:26:45 PM","SpiderClass.PrintDebugMessage","Cookie good, adding to HTTP header."
"9/6/2014 5:26:46 PM","SpiderClass.PrintDebugMessage","Pre-Authentication, did not pre-authorize because cookiename [jay4-aospidervisit] <> visit"
"9/6/2014 5:26:46 PM","SpiderClass.PrintDebugMessage","Cookie good, adding to HTTP header."
"9/6/2014 5:26:46 PM","SpiderClass.PrintDebugMessage","Getting Document..."
"9/6/2014 5:26:46 PM","SpiderClass.SpiderLink_GetDoc","fetching [HTTP://jay4-aoSpider/jay4-aoSpider/files/ccLibraryFiles/Filename/000000000001/BestPractices-Development.pdf]+[c:\inetpub\jay4-aoSpider\files\SpiderWorking\1710711790.in]"
"9/6/2014 5:26:46 PM","SpiderClass.PrintDebugMessage","Document request complete [HTTP://jay4-aoSpider/jay4-aoSpider/files/ccLibraryFiles/Filename/000000000001/BestPractices-Development.pdf]"
"9/6/2014 5:26:46 PM","SpiderClass.PrintDebugMessage","Analyzing document from link [HTTP://jay4-aoSpider/jay4-aoSpider/files/ccLibraryFiles/Filename/000000000001/BestPractices-Development.pdf]"
"9/6/2014 5:26:46 PM","SpiderClass.PrintDebugMessage","Parsing HTTP header"
"9/6/2014 5:26:46 PM","SpiderClass.PrintDebugMessage","Parsing HTTP header, header lines found(11)"
"9/6/2014 5:26:46 PM","SpiderClass.PrintDebugMessage","Parsing HTTP header, Content-Length header (70438)"
"9/6/2014 5:26:46 PM","SpiderClass.PrintDebugMessage","Parsing HTTP header, Content-type header (application/pdf)"
"9/6/2014 5:26:46 PM","SpiderClass.PrintDebugMessage","Analyzing document, header response status [HTTP/1.1 200 OK] shows successful request"
"9/6/2014 5:26:48 PM","SpiderClass.PrintDebugMessage","Analyzing complete for link [HTTP://jay4-aoSpider/jay4-aoSpider/files/ccLibraryFiles/Filename/000000000001/BestPractices-Development.pdf]"
"9/6/2014 5:26:48 PM","SpiderClass.PrintDebugMessage","Saving document results to database"
"9/6/2014 5:26:48 PM","SpiderClass.SpiderLink","Document [HTTP://jay4-aoSpider/jay4-aoSpider/files/ccLibraryFiles/Filename/000000000001/BestPractices-Development.pdf] fetched, http status [HTTP/1.1 200 OK], 3142 characters found"
"9/6/2014 5:26:48 PM","SpiderClass.PrintDebugMessage","Application jay4-aoSpider has finished"
"9/6/2014 5:31:48 PM","SpiderClass.PrintDebugMessage","Verify Seed (/index.php)"
"9/6/2014 5:31:48 PM","SpiderClass.PrintDebugMessage","Lookup document(s) to spider"
"9/6/2014 5:31:48 PM","SpiderClass.PrintDebugMessage","Application jay4-aoSpider has finished"
"9/6/2014 5:37:46 PM","SpiderClass.PrintDebugMessage","Verify Seed (/index.php)"
"9/6/2014 5:37:46 PM","SpiderClass.PrintDebugMessage","Lookup document(s) to spider"
"9/6/2014 5:37:46 PM","SpiderClass.PrintDebugMessage","Application jay4-aoSpider has finished"
"9/6/2014 5:43:45 PM","SpiderClass.PrintDebugMessage","Verify Seed (/index.php)"
"9/6/2014 5:43:45 PM","SpiderClass.PrintDebugMessage","Lookup document(s) to spider"
"9/6/2014 5:43:45 PM","SpiderClass.PrintDebugMessage","Application jay4-aoSpider has finished"
"9/6/2014 5:48:48 PM","SpiderClass.PrintDebugMessage","Verify Seed (/index.php)"
"9/6/2014 5:48:48 PM","SpiderClass.PrintDebugMessage","Lookup document(s) to spider"
"9/6/2014 5:48:48 PM","SpiderClass.PrintDebugMessage","Application jay4-aoSpider has finished"
"9/6/2014 6:11:46 PM","SpiderClass.PrintDebugMessage","Verify Seed (/index.php)"
"9/6/2014 6:11:46 PM","SpiderClass.PrintDebugMessage","Lookup document(s) to spider"
"9/6/2014 6:11:46 PM","SpiderClass.PrintDebugMessage","Application jay4-aoSpider has finished"
"9/6/2014 6:17:45 PM","SpiderClass.PrintDebugMessage","Verify Seed (/index.php)"
"9/6/2014 6:17:45 PM","SpiderClass.PrintDebugMessage","Lookup document(s) to spider"
"9/6/2014 6:17:45 PM","SpiderClass.PrintDebugMessage","Application jay4-aoSpider has finished"
"9/6/2014 6:22:47 PM","SpiderClass.PrintDebugMessage","Verify Seed (/index.php)"
"9/6/2014 6:22:47 PM","SpiderClass.PrintDebugMessage","Lookup document(s) to spider"
"9/6/2014 6:22:47 PM","SpiderClass.PrintDebugMessage","Application jay4-aoSpider has finished"
"9/6/2014 6:28:46 PM","SpiderClass.PrintDebugMessage","Verify Seed (/index.php)"
"9/6/2014 6:28:46 PM","SpiderClass.PrintDebugMessage","Lookup document(s) to spider"
"9/6/2014 6:28:46 PM","SpiderClass.PrintDebugMessage","Application jay4-aoSpider has finished"
"9/6/2014 6:34:45 PM","SpiderClass.PrintDebugMessage","Verify Seed (/index.php)"
"9/6/2014 6:34:45 PM","SpiderClass.PrintDebugMessage","Lookup document(s) to spider"
"9/6/2014 6:34:45 PM","SpiderClass.PrintDebugMessage","Application jay4-aoSpider has finished"
"9/6/2014 6:39:47 PM","SpiderClass.PrintDebugMessage","Verify Seed (/index.php)"
"9/6/2014 6:39:47 PM","SpiderClass.PrintDebugMessage","Lookup document(s) to spider"
"9/6/2014 6:39:47 PM","SpiderClass.PrintDebugMessage","Remove links from deleted documents"
"9/6/2014 6:39:47 PM","SpiderClass.PrintDebugMessage","Remove links to deleted documents"
"9/6/2014 6:39:47 PM","SpiderClass.PrintDebugMessage","Remove errors from deleted documents"
"9/6/2014 6:39:47 PM","SpiderClass.PrintDebugMessage","Load URL exclude list"
"9/6/2014 6:39:47 PM","SpiderClass.PrintDebugMessage","Load URL ignore list"
"9/6/2014 6:39:47 PM","SpiderClass.PrintDebugMessage","Spider the first available document"
"9/6/2014 6:39:47 PM","SpiderClass.PrintDebugMessage","Spidering link [HTTP://jay4-aoSpider/Home]"
"9/6/2014 6:39:47 PM","SpiderClass.PrintDebugMessage","Requesting document from server [HTTP://jay4-aoSpider/Home]"
"9/6/2014 6:39:47 PM","SpiderClass.PrintDebugMessage","Pre-Authentication, did not pre-authorize because cookiename [jay4-aospidervisitor] <> visit"
"9/6/2014 6:39:47 PM","SpiderClass.PrintDebugMessage","Cookie good, adding to HTTP header."
"9/6/2014 6:39:47 PM","SpiderClass.PrintDebugMessage","Pre-Authentication, did not pre-authorize because cookiename [jay4-aospidervisit] <> visit"
"9/6/2014 6:39:47 PM","SpiderClass.PrintDebugMessage","Cookie good, adding to HTTP header."
"9/6/2014 6:39:48 PM","SpiderClass.PrintDebugMessage","Getting Document..."
"9/6/2014 6:39:48 PM","SpiderClass.SpiderLink_GetDoc","fetching [HTTP://jay4-aoSpider/Home]+[c:\inetpub\jay4-aoSpider\files\SpiderWorking\1076522423.in]"
"9/6/2014 6:39:48 PM","SpiderClass.PrintDebugMessage","Document request complete [HTTP://jay4-aoSpider/Home]"
"9/6/2014 6:39:48 PM","SpiderClass.PrintDebugMessage","Analyzing document from link [HTTP://jay4-aoSpider/Home]"
"9/6/2014 6:39:48 PM","SpiderClass.PrintDebugMessage","Parsing HTTP header"
"9/6/2014 6:39:48 PM","SpiderClass.PrintDebugMessage","Parsing HTTP header, header lines found(14)"
"9/6/2014 6:39:48 PM","SpiderClass.PrintDebugMessage","Parsing HTTP header, Content-Length header (3428)"
"9/6/2014 6:39:48 PM","SpiderClass.PrintDebugMessage","Parsing HTTP header, Content-type header (text/html)"
"9/6/2014 6:39:48 PM","SpiderClass.PrintDebugMessage","Analyzing document, header response status [HTTP/1.1 200 OK] shows successful request"
"9/6/2014 6:39:48 PM","SpiderClass.PrintDebugMessage","Analyze tags, body [3428] bytes"
"9/6/2014 6:39:48 PM","SpiderClass.PrintDebugMessage","Analyze tags, [160] elements found"
"9/6/2014 6:39:48 PM","SpiderClass.PrintDebugMessage","AddLink, [http://jay4-aospider/Home]"
"9/6/2014 6:39:48 PM","SpiderClass.PrintDebugMessage","AddLink, AddToDocs, doclinkcount=2, ToDoc was found, ID=2"
"9/6/2014 6:39:48 PM","SpiderClass.PrintDebugMessage","AddLink, [http://jay4-aospider/jay4-aoSpider/files/ccLibraryFiles/Filename/000000000001/BestPractices-Development.pdf]"
"9/6/2014 6:39:48 PM","SpiderClass.PrintDebugMessage","AddLink, AddToDocs, doclinkcount=3, ToDoc was found, ID=3, spiderlink added FromDocid=2, ToDocID=3"
"9/6/2014 6:39:48 PM","SpiderClass.PrintDebugMessage","AddLink, [http://plus.google.com/+contensive]"
"9/6/2014 6:39:48 PM","SpiderClass.PrintDebugMessage","AddLink, AddToDocs, doclinkcount=4, ToDoc was found, ID=5, spiderlink added FromDocid=2, ToDocID=5"
"9/6/2014 6:39:48 PM","SpiderClass.PrintDebugMessage","AddLink, [/ThisGoesNowhere]"
"9/6/2014 6:39:48 PM","SpiderClass.PrintDebugMessage","AddLink, AddToDocs, doclinkcount=5, ToDoc was found, ID=6, spiderlink added FromDocid=2, ToDocID=6"
"9/6/2014 6:39:48 PM","SpiderClass.PrintDebugMessage","AddLink, [index.php?bid=1&method=login]"
"9/6/2014 6:39:48 PM","SpiderClass.PrintDebugMessage","IsExcludedURL, This link is excluded because it is in the URLExcludeList [LOGIN]"
"9/6/2014 6:39:48 PM","SpiderClass.PrintDebugMessage","AddLink, not added to links because it was blocked by an Exclude Filter []"
"9/6/2014 6:39:48 PM","SpiderClass.PrintDebugMessage","AddLink, [/ccLib/images/ccLibLogin.GIF]"
"9/6/2014 6:39:48 PM","SpiderClass.PrintDebugMessage","AddLink, not added to links because it is an included element, not a linked element"
"9/6/2014 6:39:48 PM","SpiderClass.PrintDebugMessage","AddLink, [http://www.contensive.com]"
"9/6/2014 6:39:48 PM","SpiderClass.PrintDebugMessage","AddLink, AddToDocs, doclinkcount=6, ToDoc was found, ID=4, spiderlink added FromDocid=2, ToDocID=4"
"9/6/2014 6:39:48 PM","SpiderClass.PrintDebugMessage","AddLink, [/ccLib/images/spacer.gif]"
"9/6/2014 6:39:48 PM","SpiderClass.PrintDebugMessage","AddLink, not added to links because it is an included element, not a linked element"
"9/6/2014 6:39:48 PM","SpiderClass.PrintDebugMessage","Analyze tags, [74] tags found"
"9/6/2014 6:39:48 PM","SpiderClass.PrintDebugMessage","Analyzing complete for link [HTTP://jay4-aoSpider/Home]"
"9/6/2014 6:39:48 PM","SpiderClass.PrintDebugMessage","Saving document results to database"
"9/6/2014 6:39:48 PM","SpiderClass.SpiderLink","Document [HTTP://jay4-aoSpider/Home] fetched, http status [HTTP/1.1 200 OK], 3428 characters found"
"9/6/2014 6:39:48 PM","SpiderClass.PrintDebugMessage","Application jay4-aoSpider has finished"
"9/6/2014 6:45:46 PM","SpiderClass.PrintDebugMessage","Verify Seed (/index.php)"
"9/6/2014 6:45:46 PM","SpiderClass.PrintDebugMessage","Lookup document(s) to spider"
"9/6/2014 6:45:46 PM","SpiderClass.PrintDebugMessage","Application jay4-aoSpider has finished"
"9/6/2014 6:51:45 PM","SpiderClass.PrintDebugMessage","Verify Seed (/index.php)"
"9/6/2014 6:51:45 PM","SpiderClass.PrintDebugMessage","Lookup document(s) to spider"
"9/6/2014 6:51:45 PM","SpiderClass.PrintDebugMessage","Application jay4-aoSpider has finished"
"9/6/2014 6:56:47 PM","SpiderClass.PrintDebugMessage","Verify Seed (/index.php)"
"9/6/2014 6:56:47 PM","SpiderClass.PrintDebugMessage","Lookup document(s) to spider"
"9/6/2014 6:56:47 PM","SpiderClass.PrintDebugMessage","Application jay4-aoSpider has finished"
"9/6/2014 7:02:46 PM","SpiderClass.PrintDebugMessage","Verify Seed (/index.php)"
"9/6/2014 7:02:46 PM","SpiderClass.PrintDebugMessage","Lookup document(s) to spider"
"9/6/2014 7:02:46 PM","SpiderClass.PrintDebugMessage","Application jay4-aoSpider has finished"
