"9/6/2014 5:53:44 PM","SpiderClass.PrintDebugMessage","Verify Seed (/index.php)"
"9/6/2014 5:53:44 PM","SpiderClass.PrintDebugMessage","Lookup document(s) to spider"
"9/6/2014 5:53:44 PM","SpiderClass.PrintDebugMessage","Remove links from deleted documents"
"9/6/2014 5:53:44 PM","SpiderClass.PrintDebugMessage","Remove links to deleted documents"
"9/6/2014 5:53:44 PM","SpiderClass.PrintDebugMessage","Remove errors from deleted documents"
"9/6/2014 5:53:44 PM","SpiderClass.PrintDebugMessage","Load URL exclude list"
"9/6/2014 5:53:44 PM","SpiderClass.PrintDebugMessage","Load URL ignore list"
"9/6/2014 5:53:44 PM","SpiderClass.PrintDebugMessage","Spider the first available document"
"9/6/2014 5:53:44 PM","SpiderClass.PrintDebugMessage","Spidering link [HTTP://jay4-aoSpider/index.php]"
"9/6/2014 5:53:44 PM","SpiderClass.PrintDebugMessage","Requesting document from server [HTTP://jay4-aoSpider/index.php]"
"9/6/2014 5:53:44 PM","SpiderClass.PrintDebugMessage","Pre-Authentication, did not pre-authorize because cookiename [jay4-aospidervisitor] <> visit"
"9/6/2014 5:53:44 PM","SpiderClass.PrintDebugMessage","Cookie good, adding to HTTP header."
"9/6/2014 5:53:44 PM","SpiderClass.PrintDebugMessage","Pre-Authentication, did not pre-authorize because cookiename [jay4-aospidervisit] <> visit"
"9/6/2014 5:53:44 PM","SpiderClass.PrintDebugMessage","Cookie good, adding to HTTP header."
"9/6/2014 5:53:44 PM","SpiderClass.PrintDebugMessage","Getting Document..."
"9/6/2014 5:53:44 PM","SpiderClass.SpiderLink_GetDoc","fetching [HTTP://jay4-aoSpider/index.php]+[c:\inetpub\jay4-aoSpider\files\SpiderWorking\804188041.in]"
"9/6/2014 5:53:45 PM","SpiderClass.PrintDebugMessage","Document request complete [HTTP://jay4-aoSpider/index.php]"
"9/6/2014 5:53:45 PM","SpiderClass.PrintDebugMessage","Analyzing document from link [HTTP://jay4-aoSpider/index.php]"
"9/6/2014 5:53:45 PM","SpiderClass.PrintDebugMessage","Parsing HTTP header"
"9/6/2014 5:53:45 PM","SpiderClass.PrintDebugMessage","Parsing HTTP header, header lines found(14)"
"9/6/2014 5:53:45 PM","SpiderClass.PrintDebugMessage","Parsing HTTP header, Content-Length header (3306)"
"9/6/2014 5:53:45 PM","SpiderClass.PrintDebugMessage","Parsing HTTP header, Content-type header (text/html)"
"9/6/2014 5:53:45 PM","SpiderClass.PrintDebugMessage","Analyzing document, header response status [HTTP/1.1 200 OK] shows successful request"
"9/6/2014 5:53:45 PM","SpiderClass.PrintDebugMessage","Analyze tags, body [3306] bytes"
"9/6/2014 5:53:45 PM","SpiderClass.PrintDebugMessage","Analyze tags, [144] elements found"
"9/6/2014 5:53:45 PM","SpiderClass.PrintDebugMessage","AddLink, [http://jay4-aospider/Home]"
"9/6/2014 5:54:10 PM","SpiderClass.PrintDebugMessage","AddLink, AddToDocs, doclinkcount=2, ToDoc was found, ID=2, spiderlink added FromDocid=1, ToDocID=2"
"9/6/2014 5:54:10 PM","SpiderClass.PrintDebugMessage","AddLink, [http://jay4-aospider/jay4-aoSpider/files/ccLibraryFiles/Filename/000000000001/BestPractices-Development.pdf]"
"9/6/2014 5:54:20 PM","SpiderClass.PrintDebugMessage","AddLink, AddToDocs, doclinkcount=3, ToDoc was found, ID=3, spiderlink added FromDocid=1, ToDocID=3"
"9/6/2014 5:54:20 PM","SpiderClass.PrintDebugMessage","AddLink, [http://plus.google.com/+contensive]"
"9/6/2014 5:54:47 PM","SpiderClass.PrintDebugMessage","AddLink, AddToDocs, doclinkcount=4, ToDoc was added, ID=5, spiderlink added FromDocid=1, ToDocID=5"
"9/6/2014 5:54:47 PM","SpiderClass.PrintDebugMessage","AddLink, [index.php?bid=1&method=login]"
"9/6/2014 5:55:22 PM","SpiderClass.PrintDebugMessage","IsExcludedURL, This link is excluded because it is in the URLExcludeList [LOGIN]"
"9/6/2014 5:55:22 PM","SpiderClass.PrintDebugMessage","AddLink, not added to links because it was blocked by an Exclude Filter []"
"9/6/2014 5:55:22 PM","SpiderClass.PrintDebugMessage","AddLink, [/ccLib/images/ccLibLogin.GIF]"
"9/6/2014 5:55:25 PM","SpiderClass.PrintDebugMessage","AddLink, not added to links because it is an included element, not a linked element"
"9/6/2014 5:55:25 PM","SpiderClass.PrintDebugMessage","AddLink, [http://www.contensive.com]"
"9/6/2014 5:55:26 PM","SpiderClass.PrintDebugMessage","AddLink, AddToDocs, doclinkcount=5, ToDoc was found, ID=4, spiderlink added FromDocid=1, ToDocID=4"
"9/6/2014 5:55:26 PM","SpiderClass.PrintDebugMessage","AddLink, [/ccLib/images/spacer.gif]"
"9/6/2014 5:55:28 PM","SpiderClass.PrintDebugMessage","AddLink, not added to links because it is an included element, not a linked element"
"9/6/2014 5:55:28 PM","SpiderClass.PrintDebugMessage","Analyze tags, [66] tags found"
"9/6/2014 5:55:28 PM","SpiderClass.PrintDebugMessage","Analyzing complete for link [HTTP://jay4-aoSpider/index.php]"
"9/6/2014 5:55:28 PM","SpiderClass.PrintDebugMessage","Saving document results to database"
"9/6/2014 5:55:28 PM","SpiderClass.SpiderLink","Document [HTTP://jay4-aoSpider/index.php] fetched, http status [HTTP/1.1 200 OK], 3306 characters found"
"9/6/2014 5:55:28 PM","SpiderClass.PrintDebugMessage","Application jay4-aoSpider has finished"
"9/6/2014 5:55:57 PM","SpiderClass.PrintDebugMessage","Verify Seed (/index.php)"
"9/6/2014 5:55:57 PM","SpiderClass.PrintDebugMessage","Lookup document(s) to spider"
"9/6/2014 5:55:57 PM","SpiderClass.PrintDebugMessage","Remove links from deleted documents"
"9/6/2014 5:55:57 PM","SpiderClass.PrintDebugMessage","Remove links to deleted documents"
"9/6/2014 5:55:57 PM","SpiderClass.PrintDebugMessage","Remove errors from deleted documents"
"9/6/2014 5:55:57 PM","SpiderClass.PrintDebugMessage","Load URL exclude list"
"9/6/2014 5:55:57 PM","SpiderClass.PrintDebugMessage","Load URL ignore list"
"9/6/2014 5:55:57 PM","SpiderClass.PrintDebugMessage","Spider the first available document"
"9/6/2014 5:55:57 PM","SpiderClass.PrintDebugMessage","Spidering link [http://plus.google.com/+contensive]"
"9/6/2014 5:55:57 PM","SpiderClass.PrintDebugMessage","Requesting document from server [http://plus.google.com/+contensive]"
"9/6/2014 5:55:57 PM","SpiderClass.PrintDebugMessage","No cookie found for this domain."
"9/6/2014 5:55:57 PM","SpiderClass.PrintDebugMessage","Getting Document..."
"9/6/2014 5:55:57 PM","SpiderClass.SpiderLink_GetDoc","fetching [http://plus.google.com/%2Bcontensive]+[c:\inetpub\jay4-aoSpider\files\SpiderWorking\1978023236.in]"
"9/6/2014 5:55:58 PM","SpiderClass.PrintDebugMessage","Document request complete [http://plus.google.com/+contensive]"
"9/6/2014 5:55:58 PM","SpiderClass.PrintDebugMessage","Analyzing document from link [http://plus.google.com/+contensive]"
"9/6/2014 5:55:58 PM","SpiderClass.PrintDebugMessage","Parsing HTTP header"
"9/6/2014 5:55:58 PM","SpiderClass.PrintDebugMessage","Parsing HTTP header, header lines found(14)"
"9/6/2014 5:55:58 PM","SpiderClass.PrintDebugMessage","Parsing HTTP header, Content-Length header not found"
"9/6/2014 5:55:58 PM","SpiderClass.PrintDebugMessage","Parsing HTTP header, Content-type header (text/html; charset=UTF-8)"
"9/6/2014 5:55:58 PM","SpiderClass.PrintDebugMessage","Analyzing document, header response status [HTTP/1.0 301 Moved Permanently] shows document moved"
"9/6/2014 5:55:58 PM","SpiderClass.PrintDebugMessage","AddLink, [https://plus.google.com/+contensive]"
"9/6/2014 5:56:11 PM","SpiderClass.PrintDebugMessage","AddLink, not added to links because it contains a secure entry"
"9/6/2014 5:56:11 PM","SpiderClass.PrintDebugMessage","AddLink, not added to links because URL was not accepted"
"9/6/2014 5:56:11 PM","SpiderClass.PrintDebugMessage","Analyzing complete for link [http://plus.google.com/+contensive]"
"9/6/2014 5:56:11 PM","SpiderClass.PrintDebugMessage","Saving document results to database"
"9/6/2014 5:56:11 PM","SpiderClass.SpiderLink","Document [http://plus.google.com/+contensive] fetched, http status [HTTP/1.0 301 Moved Permanently]"
"9/6/2014 5:56:11 PM","SpiderClass.PrintDebugMessage","Application jay4-aoSpider has finished"
"9/6/2014 5:56:32 PM","SpiderClass.PrintDebugMessage","Verify Seed (/index.php)"
"9/6/2014 5:56:32 PM","SpiderClass.PrintDebugMessage","Lookup document(s) to spider"
"9/6/2014 5:56:32 PM","SpiderClass.PrintDebugMessage","Remove links from deleted documents"
"9/6/2014 5:56:32 PM","SpiderClass.PrintDebugMessage","Remove links to deleted documents"
"9/6/2014 5:56:32 PM","SpiderClass.PrintDebugMessage","Remove errors from deleted documents"
"9/6/2014 5:56:32 PM","SpiderClass.PrintDebugMessage","Load URL exclude list"
"9/6/2014 5:56:32 PM","SpiderClass.PrintDebugMessage","Load URL ignore list"
"9/6/2014 5:56:32 PM","SpiderClass.PrintDebugMessage","Spider the first available document"
"9/6/2014 5:56:32 PM","SpiderClass.PrintDebugMessage","Spidering link [HTTP://jay4-aoSpider/Home]"
"9/6/2014 5:56:32 PM","SpiderClass.PrintDebugMessage","Requesting document from server [HTTP://jay4-aoSpider/Home]"
"9/6/2014 5:56:32 PM","SpiderClass.PrintDebugMessage","Pre-Authentication, did not pre-authorize because cookiename [jay4-aospidervisitor] <> visit"
"9/6/2014 5:56:32 PM","SpiderClass.PrintDebugMessage","Cookie good, adding to HTTP header."
"9/6/2014 5:56:32 PM","SpiderClass.PrintDebugMessage","Pre-Authentication, did not pre-authorize because cookiename [jay4-aospidervisit] <> visit"
"9/6/2014 5:56:32 PM","SpiderClass.PrintDebugMessage","Cookie good, adding to HTTP header."
"9/6/2014 5:56:32 PM","SpiderClass.PrintDebugMessage","Getting Document..."
"9/6/2014 5:56:32 PM","SpiderClass.SpiderLink_GetDoc","fetching [HTTP://jay4-aoSpider/Home]+[c:\inetpub\jay4-aoSpider\files\SpiderWorking\980302641.in]"
"9/6/2014 5:56:32 PM","SpiderClass.PrintDebugMessage","Document request complete [HTTP://jay4-aoSpider/Home]"
"9/6/2014 5:56:32 PM","SpiderClass.PrintDebugMessage","Analyzing document from link [HTTP://jay4-aoSpider/Home]"
"9/6/2014 5:56:32 PM","SpiderClass.PrintDebugMessage","Parsing HTTP header"
"9/6/2014 5:56:32 PM","SpiderClass.PrintDebugMessage","Parsing HTTP header, header lines found(14)"
"9/6/2014 5:56:32 PM","SpiderClass.PrintDebugMessage","Parsing HTTP header, Content-Length header (3306)"
"9/6/2014 5:56:32 PM","SpiderClass.PrintDebugMessage","Parsing HTTP header, Content-type header (text/html)"
"9/6/2014 5:56:32 PM","SpiderClass.PrintDebugMessage","Analyzing document, header response status [HTTP/1.1 200 OK] shows successful request"
"9/6/2014 5:56:32 PM","SpiderClass.PrintDebugMessage","Analyze tags, body [3306] bytes"
"9/6/2014 5:56:33 PM","SpiderClass.PrintDebugMessage","Analyze tags, [144] elements found"
"9/6/2014 5:56:33 PM","SpiderClass.PrintDebugMessage","AddLink, [http://jay4-aospider/Home]"
"9/6/2014 5:56:38 PM","SpiderClass.PrintDebugMessage","AddLink, AddToDocs, doclinkcount=2, ToDoc was found, ID=2"
"9/6/2014 5:56:38 PM","SpiderClass.PrintDebugMessage","AddLink, [http://jay4-aospider/jay4-aoSpider/files/ccLibraryFiles/Filename/000000000001/BestPractices-Development.pdf]"
"9/6/2014 5:56:40 PM","SpiderClass.PrintDebugMessage","AddLink, AddToDocs, doclinkcount=3, ToDoc was found, ID=3, spiderlink added FromDocid=2, ToDocID=3"
"9/6/2014 5:56:40 PM","SpiderClass.PrintDebugMessage","AddLink, [http://plus.google.com/+contensive]"
"9/6/2014 5:56:41 PM","SpiderClass.PrintDebugMessage","AddLink, AddToDocs, doclinkcount=4, ToDoc was found, ID=5, spiderlink added FromDocid=2, ToDocID=5"
"9/6/2014 5:56:41 PM","SpiderClass.PrintDebugMessage","AddLink, [index.php?bid=1&method=login]"
"9/6/2014 5:56:51 PM","SpiderClass.PrintDebugMessage","IsExcludedURL, This link is excluded because it is in the URLExcludeList [LOGIN]"
"9/6/2014 5:56:51 PM","SpiderClass.PrintDebugMessage","AddLink, not added to links because it was blocked by an Exclude Filter []"
"9/6/2014 5:56:51 PM","SpiderClass.PrintDebugMessage","AddLink, [/ccLib/images/ccLibLogin.GIF]"
"9/6/2014 5:56:54 PM","SpiderClass.PrintDebugMessage","AddLink, not added to links because it is an included element, not a linked element"
"9/6/2014 5:56:54 PM","SpiderClass.PrintDebugMessage","AddLink, [http://www.contensive.com]"
"9/6/2014 5:56:55 PM","SpiderClass.PrintDebugMessage","AddLink, AddToDocs, doclinkcount=5, ToDoc was found, ID=4, spiderlink added FromDocid=2, ToDocID=4"
"9/6/2014 5:56:55 PM","SpiderClass.PrintDebugMessage","AddLink, [/ccLib/images/spacer.gif]"
"9/6/2014 5:56:57 PM","SpiderClass.PrintDebugMessage","AddLink, not added to links because it is an included element, not a linked element"
"9/6/2014 5:56:57 PM","SpiderClass.PrintDebugMessage","Analyze tags, [66] tags found"
"9/6/2014 5:56:57 PM","SpiderClass.PrintDebugMessage","Analyzing complete for link [HTTP://jay4-aoSpider/Home]"
"9/6/2014 5:56:57 PM","SpiderClass.PrintDebugMessage","Saving document results to database"
"9/6/2014 5:56:57 PM","SpiderClass.SpiderLink","Document [HTTP://jay4-aoSpider/Home] fetched, http status [HTTP/1.1 200 OK], 3306 characters found"
"9/6/2014 5:56:57 PM","SpiderClass.PrintDebugMessage","Application jay4-aoSpider has finished"
"9/6/2014 6:00:45 PM","SpiderClass.PrintDebugMessage","Verify Seed (/index.php)"
"9/6/2014 6:00:45 PM","SpiderClass.PrintDebugMessage","Lookup document(s) to spider"
"9/6/2014 6:00:45 PM","SpiderClass.PrintDebugMessage","Application jay4-aoSpider has finished"
"9/6/2014 6:05:47 PM","SpiderClass.PrintDebugMessage","Verify Seed (/index.php)"
"9/6/2014 6:05:47 PM","SpiderClass.PrintDebugMessage","Lookup document(s) to spider"
"9/6/2014 6:05:47 PM","SpiderClass.PrintDebugMessage","Application jay4-aoSpider has finished"
"9/6/2014 6:36:35 PM","SpiderClass.PrintDebugMessage","Verify Seed (/index.php)"
"9/6/2014 6:36:35 PM","SpiderClass.PrintDebugMessage","Lookup document(s) to spider"
"9/6/2014 6:36:35 PM","SpiderClass.PrintDebugMessage","Remove links from deleted documents"
"9/6/2014 6:36:35 PM","SpiderClass.PrintDebugMessage","Remove links to deleted documents"
"9/6/2014 6:36:35 PM","SpiderClass.PrintDebugMessage","Remove errors from deleted documents"
"9/6/2014 6:36:35 PM","SpiderClass.PrintDebugMessage","Load URL exclude list"
"9/6/2014 6:36:35 PM","SpiderClass.PrintDebugMessage","Load URL ignore list"
"9/6/2014 6:36:35 PM","SpiderClass.PrintDebugMessage","Spider the first available document"
"9/6/2014 6:36:35 PM","SpiderClass.PrintDebugMessage","Spidering link [HTTP://jay4-aoSpider/index.php]"
"9/6/2014 6:36:35 PM","SpiderClass.PrintDebugMessage","Requesting document from server [HTTP://jay4-aoSpider/index.php]"
"9/6/2014 6:36:35 PM","SpiderClass.PrintDebugMessage","Pre-Authentication, did not pre-authorize because cookiename [jay4-aospidervisitor] <> visit"
"9/6/2014 6:36:35 PM","SpiderClass.PrintDebugMessage","Cookie good, adding to HTTP header."
"9/6/2014 6:36:35 PM","SpiderClass.PrintDebugMessage","Pre-Authentication, did not pre-authorize because cookiename [jay4-aospidervisit] <> visit"
"9/6/2014 6:36:35 PM","SpiderClass.PrintDebugMessage","Cookie good, adding to HTTP header."
"9/6/2014 6:36:35 PM","SpiderClass.PrintDebugMessage","Getting Document..."
"9/6/2014 6:36:35 PM","SpiderClass.SpiderLink_GetDoc","fetching [HTTP://jay4-aoSpider/index.php]+[c:\inetpub\jay4-aoSpider\files\SpiderWorking\1319365158.in]"
"9/6/2014 6:36:36 PM","SpiderClass.PrintDebugMessage","Document request complete [HTTP://jay4-aoSpider/index.php]"
"9/6/2014 6:36:36 PM","SpiderClass.PrintDebugMessage","Analyzing document from link [HTTP://jay4-aoSpider/index.php]"
"9/6/2014 6:36:36 PM","SpiderClass.PrintDebugMessage","Parsing HTTP header"
"9/6/2014 6:36:36 PM","SpiderClass.PrintDebugMessage","Parsing HTTP header, header lines found(14)"
"9/6/2014 6:36:36 PM","SpiderClass.PrintDebugMessage","Parsing HTTP header, Content-Length header (3428)"
"9/6/2014 6:36:36 PM","SpiderClass.PrintDebugMessage","Parsing HTTP header, Content-type header (text/html)"
"9/6/2014 6:36:36 PM","SpiderClass.PrintDebugMessage","Analyzing document, header response status [HTTP/1.1 200 OK] shows successful request"
"9/6/2014 6:36:36 PM","SpiderClass.PrintDebugMessage","Analyze tags, body [3428] bytes"
"9/6/2014 6:36:36 PM","SpiderClass.PrintDebugMessage","Analyze tags, [160] elements found"
"9/6/2014 6:36:36 PM","SpiderClass.PrintDebugMessage","AddLink, [http://jay4-aospider/Home]"
"9/6/2014 6:36:42 PM","SpiderClass.PrintDebugMessage","AddLink, AddToDocs, doclinkcount=2, ToDoc was found, ID=2, spiderlink added FromDocid=1, ToDocID=2"
"9/6/2014 6:36:42 PM","SpiderClass.PrintDebugMessage","AddLink, [http://jay4-aospider/jay4-aoSpider/files/ccLibraryFiles/Filename/000000000001/BestPractices-Development.pdf]"
"9/6/2014 6:36:42 PM","SpiderClass.PrintDebugMessage","AddLink, AddToDocs, doclinkcount=3, ToDoc was found, ID=3, spiderlink added FromDocid=1, ToDocID=3"
"9/6/2014 6:36:42 PM","SpiderClass.PrintDebugMessage","AddLink, [http://plus.google.com/+contensive]"
"9/6/2014 6:36:42 PM","SpiderClass.PrintDebugMessage","AddLink, AddToDocs, doclinkcount=4, ToDoc was found, ID=5, spiderlink added FromDocid=1, ToDocID=5"
"9/6/2014 6:36:42 PM","SpiderClass.PrintDebugMessage","AddLink, [/ThisGoesNowhere]"
"9/6/2014 6:36:42 PM","SpiderClass.PrintDebugMessage","AddLink, AddToDocs, doclinkcount=5, ToDoc was added, ID=6, spiderlink added FromDocid=1, ToDocID=6"
"9/6/2014 6:36:42 PM","SpiderClass.PrintDebugMessage","AddLink, [index.php?bid=1&method=login]"
"9/6/2014 6:36:46 PM","SpiderClass.PrintDebugMessage","IsExcludedURL, This link is excluded because it is in the URLExcludeList [LOGIN]"
"9/6/2014 6:36:46 PM","SpiderClass.PrintDebugMessage","AddLink, not added to links because it was blocked by an Exclude Filter []"
"9/6/2014 6:36:46 PM","SpiderClass.PrintDebugMessage","AddLink, [/ccLib/images/ccLibLogin.GIF]"
"9/6/2014 6:36:46 PM","SpiderClass.PrintDebugMessage","AddLink, not added to links because it is an included element, not a linked element"
"9/6/2014 6:36:46 PM","SpiderClass.PrintDebugMessage","AddLink, [http://www.contensive.com]"
"9/6/2014 6:36:47 PM","SpiderClass.PrintDebugMessage","AddLink, AddToDocs, doclinkcount=6, ToDoc was found, ID=4, spiderlink added FromDocid=1, ToDocID=4"
"9/6/2014 6:36:47 PM","SpiderClass.PrintDebugMessage","AddLink, [/ccLib/images/spacer.gif]"
"9/6/2014 6:36:47 PM","SpiderClass.PrintDebugMessage","AddLink, not added to links because it is an included element, not a linked element"
"9/6/2014 6:36:47 PM","SpiderClass.PrintDebugMessage","Analyze tags, [74] tags found"
"9/6/2014 6:36:47 PM","SpiderClass.PrintDebugMessage","Analyzing complete for link [HTTP://jay4-aoSpider/index.php]"
"9/6/2014 6:36:47 PM","SpiderClass.PrintDebugMessage","Saving document results to database"
"9/6/2014 6:36:47 PM","SpiderClass.SpiderLink","Document [HTTP://jay4-aoSpider/index.php] fetched, http status [HTTP/1.1 200 OK], 3428 characters found"
"9/6/2014 6:36:47 PM","SpiderClass.PrintDebugMessage","Application jay4-aoSpider has finished"
"9/6/2014 6:37:26 PM","SpiderClass.PrintDebugMessage","Verify Seed (/index.php)"
"9/6/2014 6:37:26 PM","SpiderClass.PrintDebugMessage","Lookup document(s) to spider"
"9/6/2014 6:37:26 PM","SpiderClass.PrintDebugMessage","Remove links from deleted documents"
"9/6/2014 6:37:26 PM","SpiderClass.PrintDebugMessage","Remove links to deleted documents"
"9/6/2014 6:37:26 PM","SpiderClass.PrintDebugMessage","Remove errors from deleted documents"
"9/6/2014 6:37:26 PM","SpiderClass.PrintDebugMessage","Load URL exclude list"
"9/6/2014 6:37:26 PM","SpiderClass.PrintDebugMessage","Load URL ignore list"
"9/6/2014 6:37:26 PM","SpiderClass.PrintDebugMessage","Spider the first available document"
"9/6/2014 6:37:26 PM","SpiderClass.PrintDebugMessage","Spidering link [HTTP://jay4-aoSpider/ThisGoesNowhere]"
"9/6/2014 6:37:26 PM","SpiderClass.PrintDebugMessage","Requesting document from server [HTTP://jay4-aoSpider/ThisGoesNowhere]"
"9/6/2014 6:37:26 PM","SpiderClass.PrintDebugMessage","Pre-Authentication, did not pre-authorize because cookiename [jay4-aospidervisitor] <> visit"
"9/6/2014 6:37:26 PM","SpiderClass.PrintDebugMessage","Cookie good, adding to HTTP header."
"9/6/2014 6:37:26 PM","SpiderClass.PrintDebugMessage","Pre-Authentication, did not pre-authorize because cookiename [jay4-aospidervisit] <> visit"
"9/6/2014 6:37:26 PM","SpiderClass.PrintDebugMessage","Cookie good, adding to HTTP header."
"9/6/2014 6:37:26 PM","SpiderClass.PrintDebugMessage","Getting Document..."
"9/6/2014 6:37:26 PM","SpiderClass.SpiderLink_GetDoc","fetching [HTTP://jay4-aoSpider/ThisGoesNowhere]+[c:\inetpub\jay4-aoSpider\files\SpiderWorking\686082757.in]"
"9/6/2014 6:37:26 PM","SpiderClass.PrintDebugMessage","Document request complete [HTTP://jay4-aoSpider/ThisGoesNowhere]"
"9/6/2014 6:37:26 PM","SpiderClass.PrintDebugMessage","Analyzing document from link [HTTP://jay4-aoSpider/ThisGoesNowhere]"
"9/6/2014 6:37:26 PM","SpiderClass.PrintDebugMessage","Parsing HTTP header"
"9/6/2014 6:37:26 PM","SpiderClass.PrintDebugMessage","Parsing HTTP header, header lines found(14)"
"9/6/2014 6:37:26 PM","SpiderClass.PrintDebugMessage","Parsing HTTP header, Content-Length header (3428)"
"9/6/2014 6:37:26 PM","SpiderClass.PrintDebugMessage","Parsing HTTP header, Content-type header (text/html)"
"9/6/2014 6:37:26 PM","SpiderClass.PrintDebugMessage","Analyzing document, header response status [HTTP/1.1 404 Not Found] shows document failure"
"9/6/2014 6:41:48 PM","SpiderClass.PrintDebugMessage","Verify Seed (/index.php)"
"9/6/2014 6:41:48 PM","SpiderClass.PrintDebugMessage","Lookup document(s) to spider"
"9/6/2014 6:41:48 PM","SpiderClass.PrintDebugMessage","Application jay4-aoSpider has finished"
"9/6/2014 6:42:23 PM","SpiderClass.PrintDebugMessage","Verify Seed (/index.php)"
"9/6/2014 6:42:23 PM","SpiderClass.PrintDebugMessage","Lookup document(s) to spider"
"9/6/2014 6:42:23 PM","SpiderClass.PrintDebugMessage","Remove links from deleted documents"
"9/6/2014 6:42:23 PM","SpiderClass.PrintDebugMessage","Remove links to deleted documents"
"9/6/2014 6:42:23 PM","SpiderClass.PrintDebugMessage","Remove errors from deleted documents"
"9/6/2014 6:42:23 PM","SpiderClass.PrintDebugMessage","Load URL exclude list"
"9/6/2014 6:42:23 PM","SpiderClass.PrintDebugMessage","Load URL ignore list"
"9/6/2014 6:42:23 PM","SpiderClass.PrintDebugMessage","Spider the first available document"
"9/6/2014 6:42:23 PM","SpiderClass.PrintDebugMessage","Spidering link [HTTP://jay4-aoSpider/ThisGoesNowhere]"
"9/6/2014 6:42:23 PM","SpiderClass.PrintDebugMessage","Requesting document from server [HTTP://jay4-aoSpider/ThisGoesNowhere]"
"9/6/2014 6:42:23 PM","SpiderClass.PrintDebugMessage","Pre-Authentication, did not pre-authorize because cookiename [jay4-aospidervisitor] <> visit"
"9/6/2014 6:42:23 PM","SpiderClass.PrintDebugMessage","Cookie good, adding to HTTP header."
"9/6/2014 6:42:23 PM","SpiderClass.PrintDebugMessage","Pre-Authentication, did not pre-authorize because cookiename [jay4-aospidervisit] <> visit"
"9/6/2014 6:42:23 PM","SpiderClass.PrintDebugMessage","Cookie good, adding to HTTP header."
"9/6/2014 6:42:23 PM","SpiderClass.PrintDebugMessage","Getting Document..."
"9/6/2014 6:42:23 PM","SpiderClass.SpiderLink_GetDoc","fetching [HTTP://jay4-aoSpider/ThisGoesNowhere]+[c:\inetpub\jay4-aoSpider\files\SpiderWorking\527495789.in]"
"9/6/2014 6:42:24 PM","SpiderClass.PrintDebugMessage","Document request complete [HTTP://jay4-aoSpider/ThisGoesNowhere]"
"9/6/2014 6:42:24 PM","SpiderClass.PrintDebugMessage","Analyzing document from link [HTTP://jay4-aoSpider/ThisGoesNowhere]"
"9/6/2014 6:42:24 PM","SpiderClass.PrintDebugMessage","Parsing HTTP header"
"9/6/2014 6:42:24 PM","SpiderClass.PrintDebugMessage","Parsing HTTP header, header lines found(14)"
"9/6/2014 6:42:24 PM","SpiderClass.PrintDebugMessage","Parsing HTTP header, Content-Length header (3428)"
"9/6/2014 6:42:24 PM","SpiderClass.PrintDebugMessage","Parsing HTTP header, Content-type header (text/html)"
"9/6/2014 6:42:24 PM","SpiderClass.PrintDebugMessage","Analyzing document, header response status [HTTP/1.1 404 Not Found] shows document failure"
"9/6/2014 6:43:06 PM","SpiderClass.PrintDebugMessage","Analyzing complete for link [HTTP://jay4-aoSpider/ThisGoesNowhere]"
"9/6/2014 6:43:06 PM","SpiderClass.PrintDebugMessage","Saving document results to database"
"9/6/2014 6:43:06 PM","SpiderClass.SpiderLink","Document [HTTP://jay4-aoSpider/ThisGoesNowhere] fetched, http status [HTTP/1.1 404 Not Found]"
"9/6/2014 6:43:06 PM","SpiderClass.PrintDebugMessage","Application jay4-aoSpider has finished"
"9/6/2014 6:43:55 PM","SpiderClass.PrintDebugMessage","Verify Seed (/index.php)"
"9/6/2014 6:43:55 PM","SpiderClass.PrintDebugMessage","Lookup document(s) to spider"
"9/6/2014 6:43:55 PM","SpiderClass.PrintDebugMessage","Remove links from deleted documents"
"9/6/2014 6:43:55 PM","SpiderClass.PrintDebugMessage","Remove links to deleted documents"
"9/6/2014 6:43:55 PM","SpiderClass.PrintDebugMessage","Remove errors from deleted documents"
"9/6/2014 6:43:55 PM","SpiderClass.PrintDebugMessage","Load URL exclude list"
"9/6/2014 6:43:55 PM","SpiderClass.PrintDebugMessage","Load URL ignore list"
"9/6/2014 6:43:55 PM","SpiderClass.PrintDebugMessage","Spider the first available document"
"9/6/2014 6:43:55 PM","SpiderClass.PrintDebugMessage","Spidering link [HTTP://jay4-aoSpider/ThisGoesNowhere]"
"9/6/2014 6:43:55 PM","SpiderClass.PrintDebugMessage","Requesting document from server [HTTP://jay4-aoSpider/ThisGoesNowhere]"
"9/6/2014 6:43:55 PM","SpiderClass.PrintDebugMessage","Pre-Authentication, did not pre-authorize because cookiename [jay4-aospidervisitor] <> visit"
"9/6/2014 6:43:55 PM","SpiderClass.PrintDebugMessage","Cookie good, adding to HTTP header."
"9/6/2014 6:43:55 PM","SpiderClass.PrintDebugMessage","Pre-Authentication, did not pre-authorize because cookiename [jay4-aospidervisit] <> visit"
"9/6/2014 6:43:55 PM","SpiderClass.PrintDebugMessage","Cookie good, adding to HTTP header."
"9/6/2014 6:43:55 PM","SpiderClass.PrintDebugMessage","Getting Document..."
"9/6/2014 6:43:55 PM","SpiderClass.SpiderLink_GetDoc","fetching [HTTP://jay4-aoSpider/ThisGoesNowhere]+[c:\inetpub\jay4-aoSpider\files\SpiderWorking\1308804547.in]"
"9/6/2014 6:43:55 PM","SpiderClass.PrintDebugMessage","Document request complete [HTTP://jay4-aoSpider/ThisGoesNowhere]"
"9/6/2014 6:43:55 PM","SpiderClass.PrintDebugMessage","Analyzing document from link [HTTP://jay4-aoSpider/ThisGoesNowhere]"
"9/6/2014 6:43:55 PM","SpiderClass.PrintDebugMessage","Parsing HTTP header"
"9/6/2014 6:43:55 PM","SpiderClass.PrintDebugMessage","Parsing HTTP header, header lines found(14)"
"9/6/2014 6:43:55 PM","SpiderClass.PrintDebugMessage","Parsing HTTP header, Content-Length header (3428)"
"9/6/2014 6:43:55 PM","SpiderClass.PrintDebugMessage","Parsing HTTP header, Content-type header (text/html)"
"9/6/2014 6:43:55 PM","SpiderClass.PrintDebugMessage","Analyzing document, header response status [HTTP/1.1 404 Not Found] shows document failure"
"9/6/2014 6:44:38 PM","SpiderClass.PrintDebugMessage","Analyzing complete for link [HTTP://jay4-aoSpider/ThisGoesNowhere]"
"9/6/2014 6:44:38 PM","SpiderClass.PrintDebugMessage","Saving document results to database"
"9/6/2014 6:44:38 PM","SpiderClass.SpiderLink","Document [HTTP://jay4-aoSpider/ThisGoesNowhere] fetched, http status [HTTP/1.1 404 Not Found]"
"9/6/2014 6:44:38 PM","SpiderClass.PrintDebugMessage","Application jay4-aoSpider has finished"
"9/6/2014 6:47:01 PM","SpiderClass.PrintDebugMessage","Verify Seed (/index.php)"
"9/6/2014 6:47:01 PM","SpiderClass.PrintDebugMessage","Lookup document(s) to spider"
"9/6/2014 6:47:01 PM","SpiderClass.PrintDebugMessage","Remove links from deleted documents"
"9/6/2014 6:47:01 PM","SpiderClass.PrintDebugMessage","Remove links to deleted documents"
"9/6/2014 6:47:01 PM","SpiderClass.PrintDebugMessage","Remove errors from deleted documents"
"9/6/2014 6:47:01 PM","SpiderClass.PrintDebugMessage","Load URL exclude list"
"9/6/2014 6:47:01 PM","SpiderClass.PrintDebugMessage","Load URL ignore list"
"9/6/2014 6:47:01 PM","SpiderClass.PrintDebugMessage","Spider the first available document"
"9/6/2014 6:47:01 PM","SpiderClass.PrintDebugMessage","Spidering link [HTTP://jay4-aoSpider/ThisGoesNowhere]"
"9/6/2014 6:47:01 PM","SpiderClass.PrintDebugMessage","Requesting document from server [HTTP://jay4-aoSpider/ThisGoesNowhere]"
"9/6/2014 6:47:01 PM","SpiderClass.PrintDebugMessage","Pre-Authentication, did not pre-authorize because cookiename [jay4-aospidervisitor] <> visit"
"9/6/2014 6:47:01 PM","SpiderClass.PrintDebugMessage","Cookie good, adding to HTTP header."
"9/6/2014 6:47:01 PM","SpiderClass.PrintDebugMessage","Pre-Authentication, did not pre-authorize because cookiename [jay4-aospidervisit] <> visit"
"9/6/2014 6:47:01 PM","SpiderClass.PrintDebugMessage","Cookie good, adding to HTTP header."
"9/6/2014 6:47:01 PM","SpiderClass.PrintDebugMessage","Getting Document..."
"9/6/2014 6:47:01 PM","SpiderClass.SpiderLink_GetDoc","fetching [HTTP://jay4-aoSpider/ThisGoesNowhere]+[c:\inetpub\jay4-aoSpider\files\SpiderWorking\636252490.in]"
"9/6/2014 6:47:02 PM","SpiderClass.PrintDebugMessage","Document request complete [HTTP://jay4-aoSpider/ThisGoesNowhere]"
"9/6/2014 6:47:02 PM","SpiderClass.PrintDebugMessage","Analyzing document from link [HTTP://jay4-aoSpider/ThisGoesNowhere]"
"9/6/2014 6:47:02 PM","SpiderClass.PrintDebugMessage","Parsing HTTP header"
"9/6/2014 6:47:02 PM","SpiderClass.PrintDebugMessage","Parsing HTTP header, header lines found(14)"
"9/6/2014 6:47:02 PM","SpiderClass.PrintDebugMessage","Parsing HTTP header, Content-Length header (3428)"
"9/6/2014 6:47:02 PM","SpiderClass.PrintDebugMessage","Parsing HTTP header, Content-type header (text/html)"
"9/6/2014 6:47:02 PM","SpiderClass.PrintDebugMessage","Analyzing document, header response status [HTTP/1.1 404 Not Found] shows document failure"
"9/6/2014 6:47:29 PM","SpiderClass.PrintDebugMessage","Analyzing complete for link [HTTP://jay4-aoSpider/ThisGoesNowhere]"
"9/6/2014 6:47:29 PM","SpiderClass.PrintDebugMessage","Saving document results to database"
"9/6/2014 6:47:29 PM","SpiderClass.SpiderLink","Document [HTTP://jay4-aoSpider/ThisGoesNowhere] fetched, http status [HTTP/1.1 404 Not Found]"
"9/6/2014 6:47:29 PM","SpiderClass.PrintDebugMessage","Application jay4-aoSpider has finished"
"9/6/2014 6:53:35 PM","SpiderClass.PrintDebugMessage","Verify Seed (/index.php)"
"9/6/2014 6:53:35 PM","SpiderClass.PrintDebugMessage","Lookup document(s) to spider"
"9/6/2014 6:53:35 PM","SpiderClass.PrintDebugMessage","Remove links from deleted documents"
"9/6/2014 6:53:35 PM","SpiderClass.PrintDebugMessage","Remove links to deleted documents"
"9/6/2014 6:53:35 PM","SpiderClass.PrintDebugMessage","Remove errors from deleted documents"
"9/6/2014 6:53:35 PM","SpiderClass.PrintDebugMessage","Load URL exclude list"
"9/6/2014 6:53:35 PM","SpiderClass.PrintDebugMessage","Load URL ignore list"
"9/6/2014 6:53:35 PM","SpiderClass.PrintDebugMessage","Spider the first available document"
"9/6/2014 6:53:35 PM","SpiderClass.PrintDebugMessage","Spidering link [HTTP://jay4-aoSpider/ThisGoesNowhere]"
"9/6/2014 6:53:35 PM","SpiderClass.PrintDebugMessage","Requesting document from server [HTTP://jay4-aoSpider/ThisGoesNowhere]"
"9/6/2014 6:53:35 PM","SpiderClass.PrintDebugMessage","Pre-Authentication, did not pre-authorize because cookiename [jay4-aospidervisitor] <> visit"
"9/6/2014 6:53:35 PM","SpiderClass.PrintDebugMessage","Cookie good, adding to HTTP header."
"9/6/2014 6:53:35 PM","SpiderClass.PrintDebugMessage","Pre-Authentication, did not pre-authorize because cookiename [jay4-aospidervisit] <> visit"
"9/6/2014 6:53:35 PM","SpiderClass.PrintDebugMessage","Cookie good, adding to HTTP header."
"9/6/2014 6:53:35 PM","SpiderClass.PrintDebugMessage","Getting Document..."
"9/6/2014 6:53:35 PM","SpiderClass.SpiderLink_GetDoc","fetching [HTTP://jay4-aoSpider/ThisGoesNowhere]+[c:\inetpub\jay4-aoSpider\files\SpiderWorking\1467803801.in]"
"9/6/2014 6:53:35 PM","SpiderClass.PrintDebugMessage","Document request complete [HTTP://jay4-aoSpider/ThisGoesNowhere]"
"9/6/2014 6:53:35 PM","SpiderClass.PrintDebugMessage","Analyzing document from link [HTTP://jay4-aoSpider/ThisGoesNowhere]"
"9/6/2014 6:53:35 PM","SpiderClass.PrintDebugMessage","Parsing HTTP header"
"9/6/2014 6:53:36 PM","SpiderClass.PrintDebugMessage","Parsing HTTP header, header lines found(14)"
"9/6/2014 6:53:36 PM","SpiderClass.PrintDebugMessage","Parsing HTTP header, Content-Length header (3428)"
"9/6/2014 6:53:36 PM","SpiderClass.PrintDebugMessage","Parsing HTTP header, Content-type header (text/html)"
"9/6/2014 6:53:36 PM","SpiderClass.PrintDebugMessage","Analyzing document, header response status [HTTP/1.1 404 Not Found] shows document failure"
"9/6/2014 6:55:53 PM","SpiderClass.PrintDebugMessage","Analyzing complete for link [HTTP://jay4-aoSpider/ThisGoesNowhere]"
"9/6/2014 6:55:53 PM","SpiderClass.PrintDebugMessage","Saving document results to database"
"9/6/2014 6:55:53 PM","SpiderClass.SpiderLink","Document [HTTP://jay4-aoSpider/ThisGoesNowhere] fetched, http status [HTTP/1.1 404 Not Found]"
"9/6/2014 6:55:53 PM","SpiderClass.PrintDebugMessage","Application jay4-aoSpider has finished"
"9/6/2014 6:59:59 PM","SpiderClass.PrintDebugMessage","Verify Seed (/index.php)"
"9/6/2014 6:59:59 PM","SpiderClass.PrintDebugMessage","Lookup document(s) to spider"
"9/6/2014 6:59:59 PM","SpiderClass.PrintDebugMessage","Remove links from deleted documents"
"9/6/2014 6:59:59 PM","SpiderClass.PrintDebugMessage","Remove links to deleted documents"
"9/6/2014 6:59:59 PM","SpiderClass.PrintDebugMessage","Remove errors from deleted documents"
"9/6/2014 6:59:59 PM","SpiderClass.PrintDebugMessage","Load URL exclude list"
"9/6/2014 6:59:59 PM","SpiderClass.PrintDebugMessage","Load URL ignore list"
"9/6/2014 6:59:59 PM","SpiderClass.PrintDebugMessage","Spider the first available document"
"9/6/2014 6:59:59 PM","SpiderClass.PrintDebugMessage","Spidering link [HTTP://jay4-aoSpider/ThisGoesNowhere]"
"9/6/2014 6:59:59 PM","SpiderClass.PrintDebugMessage","Requesting document from server [HTTP://jay4-aoSpider/ThisGoesNowhere]"
"9/6/2014 6:59:59 PM","SpiderClass.PrintDebugMessage","Pre-Authentication, did not pre-authorize because cookiename [jay4-aospidervisitor] <> visit"
"9/6/2014 6:59:59 PM","SpiderClass.PrintDebugMessage","Cookie good, adding to HTTP header."
"9/6/2014 6:59:59 PM","SpiderClass.PrintDebugMessage","Pre-Authentication, did not pre-authorize because cookiename [jay4-aospidervisit] <> visit"
"9/6/2014 6:59:59 PM","SpiderClass.PrintDebugMessage","Cookie good, adding to HTTP header."
"9/6/2014 6:59:59 PM","SpiderClass.PrintDebugMessage","Getting Document..."
"9/6/2014 6:59:59 PM","SpiderClass.SpiderLink_GetDoc","fetching [HTTP://jay4-aoSpider/ThisGoesNowhere]+[c:\inetpub\jay4-aoSpider\files\SpiderWorking\357463092.in]"
"9/6/2014 7:00:00 PM","SpiderClass.PrintDebugMessage","Document request complete [HTTP://jay4-aoSpider/ThisGoesNowhere]"
"9/6/2014 7:00:00 PM","SpiderClass.PrintDebugMessage","Analyzing document from link [HTTP://jay4-aoSpider/ThisGoesNowhere]"
"9/6/2014 7:00:00 PM","SpiderClass.PrintDebugMessage","Parsing HTTP header"
"9/6/2014 7:00:00 PM","SpiderClass.PrintDebugMessage","Parsing HTTP header, header lines found(14)"
"9/6/2014 7:00:00 PM","SpiderClass.PrintDebugMessage","Parsing HTTP header, Content-Length header (3428)"
"9/6/2014 7:00:00 PM","SpiderClass.PrintDebugMessage","Parsing HTTP header, Content-type header (text/html)"
"9/6/2014 7:00:00 PM","SpiderClass.PrintDebugMessage","Analyzing document, header response status [HTTP/1.1 404 Not Found] shows document failure"
"9/6/2014 7:00:00 PM","SpiderClass.PrintDebugMessage","Analyzing complete for link [HTTP://jay4-aoSpider/ThisGoesNowhere]"
"9/6/2014 7:00:00 PM","SpiderClass.PrintDebugMessage","Saving document results to database"
"9/6/2014 7:00:00 PM","SpiderClass.SpiderLink","Document [HTTP://jay4-aoSpider/ThisGoesNowhere] fetched, http status [HTTP/1.1 404 Not Found]"
"9/6/2014 7:00:00 PM","SpiderClass.PrintDebugMessage","Application jay4-aoSpider has finished"
"9/6/2014 7:00:33 PM","SpiderClass.PrintDebugMessage","Verify Seed (/index.php)"
"9/6/2014 7:00:33 PM","SpiderClass.PrintDebugMessage","Lookup document(s) to spider"
"9/6/2014 7:00:33 PM","SpiderClass.PrintDebugMessage","Remove links from deleted documents"
"9/6/2014 7:00:33 PM","SpiderClass.PrintDebugMessage","Remove links to deleted documents"
"9/6/2014 7:00:33 PM","SpiderClass.PrintDebugMessage","Remove errors from deleted documents"
"9/6/2014 7:00:33 PM","SpiderClass.PrintDebugMessage","Load URL exclude list"
"9/6/2014 7:00:33 PM","SpiderClass.PrintDebugMessage","Load URL ignore list"
"9/6/2014 7:00:33 PM","SpiderClass.PrintDebugMessage","Spider the first available document"
"9/6/2014 7:00:33 PM","SpiderClass.PrintDebugMessage","Spidering link [HTTP://jay4-aoSpider/ThisGoesNowhere]"
"9/6/2014 7:00:33 PM","SpiderClass.PrintDebugMessage","Requesting document from server [HTTP://jay4-aoSpider/ThisGoesNowhere]"
"9/6/2014 7:00:33 PM","SpiderClass.PrintDebugMessage","Pre-Authentication, did not pre-authorize because cookiename [jay4-aospidervisitor] <> visit"
"9/6/2014 7:00:33 PM","SpiderClass.PrintDebugMessage","Cookie good, adding to HTTP header."
"9/6/2014 7:00:33 PM","SpiderClass.PrintDebugMessage","Pre-Authentication, did not pre-authorize because cookiename [jay4-aospidervisit] <> visit"
"9/6/2014 7:00:33 PM","SpiderClass.PrintDebugMessage","Cookie good, adding to HTTP header."
"9/6/2014 7:00:33 PM","SpiderClass.PrintDebugMessage","Getting Document..."
"9/6/2014 7:00:33 PM","SpiderClass.SpiderLink_GetDoc","fetching [HTTP://jay4-aoSpider/ThisGoesNowhere]+[c:\inetpub\jay4-aoSpider\files\SpiderWorking\673860709.in]"
"9/6/2014 7:00:34 PM","SpiderClass.PrintDebugMessage","Document request complete [HTTP://jay4-aoSpider/ThisGoesNowhere]"
"9/6/2014 7:00:34 PM","SpiderClass.PrintDebugMessage","Analyzing document from link [HTTP://jay4-aoSpider/ThisGoesNowhere]"
"9/6/2014 7:00:34 PM","SpiderClass.PrintDebugMessage","Parsing HTTP header"
"9/6/2014 7:00:34 PM","SpiderClass.PrintDebugMessage","Parsing HTTP header, header lines found(14)"
"9/6/2014 7:00:34 PM","SpiderClass.PrintDebugMessage","Parsing HTTP header, Content-Length header (3428)"
"9/6/2014 7:00:34 PM","SpiderClass.PrintDebugMessage","Parsing HTTP header, Content-type header (text/html)"
"9/6/2014 7:00:34 PM","SpiderClass.PrintDebugMessage","Analyzing document, header response status [HTTP/1.1 404 Not Found] shows document failure"
"9/6/2014 7:02:23 PM","SpiderClass.PrintDebugMessage","Analyzing complete for link [HTTP://jay4-aoSpider/ThisGoesNowhere]"
"9/6/2014 7:02:23 PM","SpiderClass.PrintDebugMessage","Saving document results to database"
"9/6/2014 7:02:23 PM","SpiderClass.SpiderLink","Document [HTTP://jay4-aoSpider/ThisGoesNowhere] fetched, http status [HTTP/1.1 404 Not Found]"
"9/6/2014 7:02:23 PM","SpiderClass.PrintDebugMessage","Application jay4-aoSpider has finished"
"9/6/2014 7:05:57 PM","SpiderClass.PrintDebugMessage","Verify Seed (/index.php)"
"9/6/2014 7:05:57 PM","SpiderClass.PrintDebugMessage","Lookup document(s) to spider"
"9/6/2014 7:05:57 PM","SpiderClass.PrintDebugMessage","Remove links from deleted documents"
"9/6/2014 7:05:57 PM","SpiderClass.PrintDebugMessage","Remove links to deleted documents"
"9/6/2014 7:05:57 PM","SpiderClass.PrintDebugMessage","Remove errors from deleted documents"
"9/6/2014 7:05:57 PM","SpiderClass.PrintDebugMessage","Load URL exclude list"
"9/6/2014 7:05:57 PM","SpiderClass.PrintDebugMessage","Load URL ignore list"
"9/6/2014 7:05:57 PM","SpiderClass.PrintDebugMessage","Spider the first available document"
"9/6/2014 7:05:57 PM","SpiderClass.PrintDebugMessage","Spidering link [HTTP://jay4-aoSpider/ThisGoesNowhere]"
"9/6/2014 7:05:57 PM","SpiderClass.PrintDebugMessage","Requesting document from server [HTTP://jay4-aoSpider/ThisGoesNowhere]"
"9/6/2014 7:05:57 PM","SpiderClass.PrintDebugMessage","Pre-Authentication, did not pre-authorize because cookiename [jay4-aospidervisitor] <> visit"
"9/6/2014 7:05:57 PM","SpiderClass.PrintDebugMessage","Cookie good, adding to HTTP header."
"9/6/2014 7:05:57 PM","SpiderClass.PrintDebugMessage","Pre-Authentication, did not pre-authorize because cookiename [jay4-aospidervisit] <> visit"
"9/6/2014 7:05:57 PM","SpiderClass.PrintDebugMessage","Cookie good, adding to HTTP header."
"9/6/2014 7:05:57 PM","SpiderClass.PrintDebugMessage","Getting Document..."
"9/6/2014 7:05:57 PM","SpiderClass.SpiderLink_GetDoc","fetching [HTTP://jay4-aoSpider/ThisGoesNowhere]+[c:\inetpub\jay4-aoSpider\files\SpiderWorking\708472969.in]"
"9/6/2014 7:05:57 PM","SpiderClass.PrintDebugMessage","Document request complete [HTTP://jay4-aoSpider/ThisGoesNowhere]"
"9/6/2014 7:05:57 PM","SpiderClass.PrintDebugMessage","Analyzing document from link [HTTP://jay4-aoSpider/ThisGoesNowhere]"
"9/6/2014 7:05:57 PM","SpiderClass.PrintDebugMessage","Parsing HTTP header"
"9/6/2014 7:05:57 PM","SpiderClass.PrintDebugMessage","Parsing HTTP header, header lines found(14)"
"9/6/2014 7:05:57 PM","SpiderClass.PrintDebugMessage","Parsing HTTP header, Content-Length header (3428)"
"9/6/2014 7:05:57 PM","SpiderClass.PrintDebugMessage","Parsing HTTP header, Content-type header (text/html)"
"9/6/2014 7:05:57 PM","SpiderClass.PrintDebugMessage","Analyzing document, header response status [HTTP/1.1 404 Not Found] shows document failure"
"9/6/2014 7:05:57 PM","SpiderClass.PrintDebugMessage","Analyzing complete for link [HTTP://jay4-aoSpider/ThisGoesNowhere]"
"9/6/2014 7:05:57 PM","SpiderClass.PrintDebugMessage","Saving document results to database"
"9/6/2014 7:05:57 PM","SpiderClass.SpiderLink","Document [HTTP://jay4-aoSpider/ThisGoesNowhere] fetched, http status [HTTP/1.1 404 Not Found]"
"9/6/2014 7:05:57 PM","SpiderClass.PrintDebugMessage","Application jay4-aoSpider has finished"
"9/6/2014 7:06:22 PM","SpiderClass.PrintDebugMessage","Verify Seed (/index.php)"
"9/6/2014 7:06:22 PM","SpiderClass.PrintDebugMessage","Lookup document(s) to spider"
"9/6/2014 7:06:22 PM","SpiderClass.PrintDebugMessage","Remove links from deleted documents"
"9/6/2014 7:06:22 PM","SpiderClass.PrintDebugMessage","Remove links to deleted documents"
"9/6/2014 7:06:22 PM","SpiderClass.PrintDebugMessage","Remove errors from deleted documents"
"9/6/2014 7:06:22 PM","SpiderClass.PrintDebugMessage","Load URL exclude list"
"9/6/2014 7:06:22 PM","SpiderClass.PrintDebugMessage","Load URL ignore list"
"9/6/2014 7:06:22 PM","SpiderClass.PrintDebugMessage","Spider the first available document"
"9/6/2014 7:06:22 PM","SpiderClass.PrintDebugMessage","Spidering link [HTTP://jay4-aoSpider/ThisGoesNowhere]"
"9/6/2014 7:06:22 PM","SpiderClass.PrintDebugMessage","Requesting document from server [HTTP://jay4-aoSpider/ThisGoesNowhere]"
"9/6/2014 7:06:22 PM","SpiderClass.PrintDebugMessage","Pre-Authentication, did not pre-authorize because cookiename [jay4-aospidervisitor] <> visit"
"9/6/2014 7:06:22 PM","SpiderClass.PrintDebugMessage","Cookie good, adding to HTTP header."
"9/6/2014 7:06:22 PM","SpiderClass.PrintDebugMessage","Pre-Authentication, did not pre-authorize because cookiename [jay4-aospidervisit] <> visit"
"9/6/2014 7:06:22 PM","SpiderClass.PrintDebugMessage","Cookie good, adding to HTTP header."
"9/6/2014 7:06:23 PM","SpiderClass.PrintDebugMessage","Getting Document..."
"9/6/2014 7:06:23 PM","SpiderClass.SpiderLink_GetDoc","fetching [HTTP://jay4-aoSpider/ThisGoesNowhere]+[c:\inetpub\jay4-aoSpider\files\SpiderWorking\1675608557.in]"
"9/6/2014 7:06:23 PM","SpiderClass.PrintDebugMessage","Document request complete [HTTP://jay4-aoSpider/ThisGoesNowhere]"
"9/6/2014 7:06:23 PM","SpiderClass.PrintDebugMessage","Analyzing document from link [HTTP://jay4-aoSpider/ThisGoesNowhere]"
"9/6/2014 7:06:23 PM","SpiderClass.PrintDebugMessage","Parsing HTTP header"
"9/6/2014 7:06:23 PM","SpiderClass.PrintDebugMessage","Parsing HTTP header, header lines found(14)"
"9/6/2014 7:06:23 PM","SpiderClass.PrintDebugMessage","Parsing HTTP header, Content-Length header (3428)"
"9/6/2014 7:06:23 PM","SpiderClass.PrintDebugMessage","Parsing HTTP header, Content-type header (text/html)"
"9/6/2014 7:06:23 PM","SpiderClass.PrintDebugMessage","Analyzing document, header response status [HTTP/1.1 404 Not Found] shows document failure"
"9/6/2014 7:06:53 PM","SpiderClass.PrintDebugMessage","Analyzing complete for link [HTTP://jay4-aoSpider/ThisGoesNowhere]"
"9/6/2014 7:06:53 PM","SpiderClass.PrintDebugMessage","Saving document results to database"
"9/6/2014 7:06:53 PM","SpiderClass.SpiderLink","Document [HTTP://jay4-aoSpider/ThisGoesNowhere] fetched, http status [HTTP/1.1 404 Not Found]"
"9/6/2014 7:06:53 PM","SpiderClass.PrintDebugMessage","Application jay4-aoSpider has finished"
"9/6/2014 7:07:42 PM","SpiderClass.PrintDebugMessage","Verify Seed (/index.php)"
"9/6/2014 7:07:42 PM","SpiderClass.PrintDebugMessage","Lookup document(s) to spider"
"9/6/2014 7:07:42 PM","SpiderClass.PrintDebugMessage","Application jay4-aoSpider has finished"
"9/6/2014 7:07:48 PM","SpiderClass.PrintDebugMessage","Verify Seed (/index.php)"
"9/6/2014 7:07:48 PM","SpiderClass.PrintDebugMessage","Lookup document(s) to spider"
"9/6/2014 7:07:48 PM","SpiderClass.PrintDebugMessage","Application jay4-aoSpider has finished"
"9/6/2014 7:08:00 PM","SpiderClass.PrintDebugMessage","Verify Seed (/index.php)"
"9/6/2014 7:08:00 PM","SpiderClass.PrintDebugMessage","Lookup document(s) to spider"
"9/6/2014 7:08:00 PM","SpiderClass.PrintDebugMessage","Remove links from deleted documents"
"9/6/2014 7:08:00 PM","SpiderClass.PrintDebugMessage","Remove links to deleted documents"
"9/6/2014 7:08:00 PM","SpiderClass.PrintDebugMessage","Remove errors from deleted documents"
"9/6/2014 7:08:00 PM","SpiderClass.PrintDebugMessage","Load URL exclude list"
"9/6/2014 7:08:00 PM","SpiderClass.PrintDebugMessage","Load URL ignore list"
"9/6/2014 7:08:00 PM","SpiderClass.PrintDebugMessage","Spider the first available document"
"9/6/2014 7:08:00 PM","SpiderClass.PrintDebugMessage","Spidering link [HTTP://jay4-aoSpider/ThisGoesNowhere]"
"9/6/2014 7:08:00 PM","SpiderClass.PrintDebugMessage","Requesting document from server [HTTP://jay4-aoSpider/ThisGoesNowhere]"
"9/6/2014 7:08:00 PM","SpiderClass.PrintDebugMessage","Pre-Authentication, did not pre-authorize because cookiename [jay4-aospidervisitor] <> visit"
"9/6/2014 7:08:00 PM","SpiderClass.PrintDebugMessage","Cookie good, adding to HTTP header."
"9/6/2014 7:08:00 PM","SpiderClass.PrintDebugMessage","Pre-Authentication, did not pre-authorize because cookiename [jay4-aospidervisit] <> visit"
"9/6/2014 7:08:00 PM","SpiderClass.PrintDebugMessage","Cookie good, adding to HTTP header."
"9/6/2014 7:08:00 PM","SpiderClass.PrintDebugMessage","Getting Document..."
"9/6/2014 7:08:00 PM","SpiderClass.SpiderLink_GetDoc","fetching [HTTP://jay4-aoSpider/ThisGoesNowhere]+[c:\inetpub\jay4-aoSpider\files\SpiderWorking\21774518.in]"
"9/6/2014 7:08:01 PM","SpiderClass.PrintDebugMessage","Document request complete [HTTP://jay4-aoSpider/ThisGoesNowhere]"
"9/6/2014 7:08:01 PM","SpiderClass.PrintDebugMessage","Analyzing document from link [HTTP://jay4-aoSpider/ThisGoesNowhere]"
"9/6/2014 7:08:01 PM","SpiderClass.PrintDebugMessage","Parsing HTTP header"
"9/6/2014 7:08:01 PM","SpiderClass.PrintDebugMessage","Parsing HTTP header, header lines found(14)"
"9/6/2014 7:08:01 PM","SpiderClass.PrintDebugMessage","Parsing HTTP header, Content-Length header (3428)"
"9/6/2014 7:08:01 PM","SpiderClass.PrintDebugMessage","Parsing HTTP header, Content-type header (text/html)"
"9/6/2014 7:08:01 PM","SpiderClass.PrintDebugMessage","Analyzing document, header response status [HTTP/1.1 404 Not Found] shows document failure"
"9/6/2014 7:08:07 PM","SpiderClass.PrintDebugMessage","Analyzing complete for link [HTTP://jay4-aoSpider/ThisGoesNowhere]"
"9/6/2014 7:08:07 PM","SpiderClass.PrintDebugMessage","Saving document results to database"
"9/6/2014 7:08:07 PM","SpiderClass.SpiderLink","Document [HTTP://jay4-aoSpider/ThisGoesNowhere] fetched, http status [HTTP/1.1 404 Not Found]"
"9/6/2014 7:08:07 PM","SpiderClass.PrintDebugMessage","Application jay4-aoSpider has finished"
"9/6/2014 7:13:47 PM","SpiderClass.PrintDebugMessage","Verify Seed (/index.php)"
"9/6/2014 7:13:47 PM","SpiderClass.PrintDebugMessage","Lookup document(s) to spider"
"9/6/2014 7:13:47 PM","SpiderClass.PrintDebugMessage","Application jay4-aoSpider has finished"
"9/6/2014 7:19:45 PM","SpiderClass.PrintDebugMessage","Verify Seed (/index.php)"
"9/6/2014 7:19:45 PM","SpiderClass.PrintDebugMessage","Lookup document(s) to spider"
"9/6/2014 7:19:45 PM","SpiderClass.PrintDebugMessage","Application jay4-aoSpider has finished"
"9/6/2014 7:24:48 PM","SpiderClass.PrintDebugMessage","Verify Seed (/index.php)"
"9/6/2014 7:24:48 PM","SpiderClass.PrintDebugMessage","Lookup document(s) to spider"
"9/6/2014 7:24:48 PM","SpiderClass.PrintDebugMessage","Application jay4-aoSpider has finished"
"9/6/2014 7:30:52 PM","SpiderClass.PrintDebugMessage","Verify Seed (/index.php)"
"9/6/2014 7:30:52 PM","SpiderClass.PrintDebugMessage","Lookup document(s) to spider"
"9/6/2014 7:30:52 PM","SpiderClass.PrintDebugMessage","Application jay4-aoSpider has finished"
"9/6/2014 7:36:45 PM","SpiderClass.PrintDebugMessage","Verify Seed (/index.php)"
"9/6/2014 7:36:45 PM","SpiderClass.PrintDebugMessage","Lookup document(s) to spider"
"9/6/2014 7:36:45 PM","SpiderClass.PrintDebugMessage","Application jay4-aoSpider has finished"
"9/6/2014 7:41:48 PM","SpiderClass.PrintDebugMessage","Verify Seed (/index.php)"
"9/6/2014 7:41:48 PM","SpiderClass.PrintDebugMessage","Lookup document(s) to spider"
"9/6/2014 7:41:48 PM","SpiderClass.PrintDebugMessage","Application jay4-aoSpider has finished"
"9/6/2014 7:47:46 PM","SpiderClass.PrintDebugMessage","Verify Seed (/index.php)"
"9/6/2014 7:47:47 PM","SpiderClass.PrintDebugMessage","Lookup document(s) to spider"
"9/6/2014 7:47:47 PM","SpiderClass.PrintDebugMessage","Application jay4-aoSpider has finished"
"9/6/2014 7:53:45 PM","SpiderClass.PrintDebugMessage","Verify Seed (/index.php)"
"9/6/2014 7:53:45 PM","SpiderClass.PrintDebugMessage","Lookup document(s) to spider"
"9/6/2014 7:53:45 PM","SpiderClass.PrintDebugMessage","Application jay4-aoSpider has finished"
"9/6/2014 7:58:48 PM","SpiderClass.PrintDebugMessage","Verify Seed (/index.php)"
"9/6/2014 7:58:48 PM","SpiderClass.PrintDebugMessage","Lookup document(s) to spider"
"9/6/2014 7:58:48 PM","SpiderClass.PrintDebugMessage","Application jay4-aoSpider has finished"
"9/6/2014 8:04:46 PM","SpiderClass.PrintDebugMessage","Verify Seed (/index.php)"
"9/6/2014 8:04:46 PM","SpiderClass.PrintDebugMessage","Lookup document(s) to spider"
"9/6/2014 8:04:46 PM","SpiderClass.PrintDebugMessage","Application jay4-aoSpider has finished"
"9/6/2014 8:10:45 PM","SpiderClass.PrintDebugMessage","Verify Seed (/index.php)"
"9/6/2014 8:10:45 PM","SpiderClass.PrintDebugMessage","Lookup document(s) to spider"
"9/6/2014 8:10:45 PM","SpiderClass.PrintDebugMessage","Application jay4-aoSpider has finished"
"9/6/2014 8:15:47 PM","SpiderClass.PrintDebugMessage","Verify Seed (/index.php)"
"9/6/2014 8:15:47 PM","SpiderClass.PrintDebugMessage","Lookup document(s) to spider"
"9/6/2014 8:15:47 PM","SpiderClass.PrintDebugMessage","Application jay4-aoSpider has finished"
"9/6/2014 8:21:46 PM","SpiderClass.PrintDebugMessage","Verify Seed (/index.php)"
"9/6/2014 8:21:46 PM","SpiderClass.PrintDebugMessage","Lookup document(s) to spider"
"9/6/2014 8:21:46 PM","SpiderClass.PrintDebugMessage","Application jay4-aoSpider has finished"
"9/6/2014 8:27:45 PM","SpiderClass.PrintDebugMessage","Verify Seed (/index.php)"
"9/6/2014 8:27:45 PM","SpiderClass.PrintDebugMessage","Lookup document(s) to spider"
"9/6/2014 8:27:45 PM","SpiderClass.PrintDebugMessage","Application jay4-aoSpider has finished"
"9/6/2014 8:32:47 PM","SpiderClass.PrintDebugMessage","Verify Seed (/index.php)"
"9/6/2014 8:32:47 PM","SpiderClass.PrintDebugMessage","Lookup document(s) to spider"
"9/6/2014 8:32:47 PM","SpiderClass.PrintDebugMessage","Application jay4-aoSpider has finished"
"9/6/2014 8:38:46 PM","SpiderClass.PrintDebugMessage","Verify Seed (/index.php)"
"9/6/2014 8:38:46 PM","SpiderClass.PrintDebugMessage","Lookup document(s) to spider"
"9/6/2014 8:38:46 PM","SpiderClass.PrintDebugMessage","Application jay4-aoSpider has finished"
"9/6/2014 8:43:48 PM","SpiderClass.PrintDebugMessage","Verify Seed (/index.php)"
"9/6/2014 8:43:48 PM","SpiderClass.PrintDebugMessage","Lookup document(s) to spider"
"9/6/2014 8:43:48 PM","SpiderClass.PrintDebugMessage","Application jay4-aoSpider has finished"
"9/6/2014 8:49:47 PM","SpiderClass.PrintDebugMessage","Verify Seed (/index.php)"
"9/6/2014 8:49:47 PM","SpiderClass.PrintDebugMessage","Lookup document(s) to spider"
"9/6/2014 8:49:47 PM","SpiderClass.PrintDebugMessage","Application jay4-aoSpider has finished"
"9/6/2014 8:55:46 PM","SpiderClass.PrintDebugMessage","Verify Seed (/index.php)"
"9/6/2014 8:55:46 PM","SpiderClass.PrintDebugMessage","Lookup document(s) to spider"
"9/6/2014 8:55:46 PM","SpiderClass.PrintDebugMessage","Application jay4-aoSpider has finished"
"9/6/2014 9:00:48 PM","SpiderClass.PrintDebugMessage","Verify Seed (/index.php)"
"9/6/2014 9:00:48 PM","SpiderClass.PrintDebugMessage","Lookup document(s) to spider"
"9/6/2014 9:00:48 PM","SpiderClass.PrintDebugMessage","Application jay4-aoSpider has finished"
"9/6/2014 9:06:47 PM","SpiderClass.PrintDebugMessage","Verify Seed (/index.php)"
"9/6/2014 9:06:47 PM","SpiderClass.PrintDebugMessage","Lookup document(s) to spider"
"9/6/2014 9:06:47 PM","SpiderClass.PrintDebugMessage","Application jay4-aoSpider has finished"
"9/6/2014 9:12:46 PM","SpiderClass.PrintDebugMessage","Verify Seed (/index.php)"
"9/6/2014 9:12:46 PM","SpiderClass.PrintDebugMessage","Lookup document(s) to spider"
"9/6/2014 9:12:46 PM","SpiderClass.PrintDebugMessage","Application jay4-aoSpider has finished"
"9/6/2014 9:17:48 PM","SpiderClass.PrintDebugMessage","Verify Seed (/index.php)"
"9/6/2014 9:17:48 PM","SpiderClass.PrintDebugMessage","Lookup document(s) to spider"
"9/6/2014 9:17:48 PM","SpiderClass.PrintDebugMessage","Application jay4-aoSpider has finished"
"9/6/2014 9:23:47 PM","SpiderClass.PrintDebugMessage","Verify Seed (/index.php)"
"9/6/2014 9:23:47 PM","SpiderClass.PrintDebugMessage","Lookup document(s) to spider"
"9/6/2014 9:23:47 PM","SpiderClass.PrintDebugMessage","Application jay4-aoSpider has finished"
"9/6/2014 9:29:45 PM","SpiderClass.PrintDebugMessage","Verify Seed (/index.php)"
"9/6/2014 9:29:45 PM","SpiderClass.PrintDebugMessage","Lookup document(s) to spider"
"9/6/2014 9:29:45 PM","SpiderClass.PrintDebugMessage","Application jay4-aoSpider has finished"
"9/6/2014 9:34:48 PM","SpiderClass.PrintDebugMessage","Verify Seed (/index.php)"
"9/6/2014 9:34:48 PM","SpiderClass.PrintDebugMessage","Lookup document(s) to spider"
"9/6/2014 9:34:48 PM","SpiderClass.PrintDebugMessage","Application jay4-aoSpider has finished"
"9/6/2014 9:40:46 PM","SpiderClass.PrintDebugMessage","Verify Seed (/index.php)"
"9/6/2014 9:40:46 PM","SpiderClass.PrintDebugMessage","Lookup document(s) to spider"
"9/6/2014 9:40:46 PM","SpiderClass.PrintDebugMessage","Application jay4-aoSpider has finished"
"9/6/2014 9:46:45 PM","SpiderClass.PrintDebugMessage","Verify Seed (/index.php)"
"9/6/2014 9:46:45 PM","SpiderClass.PrintDebugMessage","Lookup document(s) to spider"
"9/6/2014 9:46:45 PM","SpiderClass.PrintDebugMessage","Application jay4-aoSpider has finished"
"9/6/2014 9:51:47 PM","SpiderClass.PrintDebugMessage","Verify Seed (/index.php)"
"9/6/2014 9:51:47 PM","SpiderClass.PrintDebugMessage","Lookup document(s) to spider"
"9/6/2014 9:51:47 PM","SpiderClass.PrintDebugMessage","Application jay4-aoSpider has finished"
"9/6/2014 9:57:46 PM","SpiderClass.PrintDebugMessage","Verify Seed (/index.php)"
"9/6/2014 9:57:46 PM","SpiderClass.PrintDebugMessage","Lookup document(s) to spider"
"9/6/2014 9:57:46 PM","SpiderClass.PrintDebugMessage","Application jay4-aoSpider has finished"
"9/6/2014 10:03:45 PM","SpiderClass.PrintDebugMessage","Verify Seed (/index.php)"
"9/6/2014 10:03:45 PM","SpiderClass.PrintDebugMessage","Lookup document(s) to spider"
"9/6/2014 10:03:45 PM","SpiderClass.PrintDebugMessage","Application jay4-aoSpider has finished"
"9/6/2014 10:08:47 PM","SpiderClass.PrintDebugMessage","Verify Seed (/index.php)"
"9/6/2014 10:08:47 PM","SpiderClass.PrintDebugMessage","Lookup document(s) to spider"
"9/6/2014 10:08:47 PM","SpiderClass.PrintDebugMessage","Application jay4-aoSpider has finished"
"9/6/2014 10:14:46 PM","SpiderClass.PrintDebugMessage","Verify Seed (/index.php)"
"9/6/2014 10:14:46 PM","SpiderClass.PrintDebugMessage","Lookup document(s) to spider"
"9/6/2014 10:14:46 PM","SpiderClass.PrintDebugMessage","Application jay4-aoSpider has finished"
"9/6/2014 10:20:45 PM","SpiderClass.PrintDebugMessage","Verify Seed (/index.php)"
"9/6/2014 10:20:45 PM","SpiderClass.PrintDebugMessage","Lookup document(s) to spider"
"9/6/2014 10:20:45 PM","SpiderClass.PrintDebugMessage","Application jay4-aoSpider has finished"
"9/6/2014 10:25:47 PM","SpiderClass.PrintDebugMessage","Verify Seed (/index.php)"
"9/6/2014 10:25:47 PM","SpiderClass.PrintDebugMessage","Lookup document(s) to spider"
"9/6/2014 10:25:47 PM","SpiderClass.PrintDebugMessage","Application jay4-aoSpider has finished"
"9/6/2014 10:31:47 PM","SpiderClass.PrintDebugMessage","Verify Seed (/index.php)"
"9/6/2014 10:31:47 PM","SpiderClass.PrintDebugMessage","Lookup document(s) to spider"
"9/6/2014 10:31:47 PM","SpiderClass.PrintDebugMessage","Application jay4-aoSpider has finished"
"9/6/2014 10:37:45 PM","SpiderClass.PrintDebugMessage","Verify Seed (/index.php)"
"9/6/2014 10:37:45 PM","SpiderClass.PrintDebugMessage","Lookup document(s) to spider"
"9/6/2014 10:37:45 PM","SpiderClass.PrintDebugMessage","Application jay4-aoSpider has finished"
"9/6/2014 10:42:48 PM","SpiderClass.PrintDebugMessage","Verify Seed (/index.php)"
"9/6/2014 10:42:48 PM","SpiderClass.PrintDebugMessage","Lookup document(s) to spider"
"9/6/2014 10:42:48 PM","SpiderClass.PrintDebugMessage","Application jay4-aoSpider has finished"
"9/6/2014 10:48:46 PM","SpiderClass.PrintDebugMessage","Verify Seed (/index.php)"
"9/6/2014 10:48:46 PM","SpiderClass.PrintDebugMessage","Lookup document(s) to spider"
"9/6/2014 10:48:46 PM","SpiderClass.PrintDebugMessage","Application jay4-aoSpider has finished"
"9/6/2014 10:54:45 PM","SpiderClass.PrintDebugMessage","Verify Seed (/index.php)"
"9/6/2014 10:54:45 PM","SpiderClass.PrintDebugMessage","Lookup document(s) to spider"
"9/6/2014 10:54:45 PM","SpiderClass.PrintDebugMessage","Application jay4-aoSpider has finished"
"9/6/2014 10:59:47 PM","SpiderClass.PrintDebugMessage","Verify Seed (/index.php)"
"9/6/2014 10:59:47 PM","SpiderClass.PrintDebugMessage","Lookup document(s) to spider"
"9/6/2014 10:59:47 PM","SpiderClass.PrintDebugMessage","Application jay4-aoSpider has finished"
"9/6/2014 11:05:46 PM","SpiderClass.PrintDebugMessage","Verify Seed (/index.php)"
"9/6/2014 11:05:46 PM","SpiderClass.PrintDebugMessage","Lookup document(s) to spider"
"9/6/2014 11:05:46 PM","SpiderClass.PrintDebugMessage","Application jay4-aoSpider has finished"
"9/6/2014 11:11:45 PM","SpiderClass.PrintDebugMessage","Verify Seed (/index.php)"
"9/6/2014 11:11:45 PM","SpiderClass.PrintDebugMessage","Lookup document(s) to spider"
"9/6/2014 11:11:45 PM","SpiderClass.PrintDebugMessage","Application jay4-aoSpider has finished"
"9/6/2014 11:16:47 PM","SpiderClass.PrintDebugMessage","Verify Seed (/index.php)"
"9/6/2014 11:16:47 PM","SpiderClass.PrintDebugMessage","Lookup document(s) to spider"
"9/6/2014 11:16:47 PM","SpiderClass.PrintDebugMessage","Application jay4-aoSpider has finished"
"9/6/2014 11:22:46 PM","SpiderClass.PrintDebugMessage","Verify Seed (/index.php)"
"9/6/2014 11:22:46 PM","SpiderClass.PrintDebugMessage","Lookup document(s) to spider"
"9/6/2014 11:22:46 PM","SpiderClass.PrintDebugMessage","Application jay4-aoSpider has finished"
"9/6/2014 11:28:45 PM","SpiderClass.PrintDebugMessage","Verify Seed (/index.php)"
"9/6/2014 11:28:45 PM","SpiderClass.PrintDebugMessage","Lookup document(s) to spider"
"9/6/2014 11:28:45 PM","SpiderClass.PrintDebugMessage","Application jay4-aoSpider has finished"
"9/6/2014 11:33:47 PM","SpiderClass.PrintDebugMessage","Verify Seed (/index.php)"
"9/6/2014 11:33:47 PM","SpiderClass.PrintDebugMessage","Lookup document(s) to spider"
"9/6/2014 11:33:47 PM","SpiderClass.PrintDebugMessage","Application jay4-aoSpider has finished"
"9/6/2014 11:39:45 PM","SpiderClass.PrintDebugMessage","Verify Seed (/index.php)"
"9/6/2014 11:39:45 PM","SpiderClass.PrintDebugMessage","Lookup document(s) to spider"
"9/6/2014 11:39:45 PM","SpiderClass.PrintDebugMessage","Application jay4-aoSpider has finished"
"9/6/2014 11:44:48 PM","SpiderClass.PrintDebugMessage","Verify Seed (/index.php)"
"9/6/2014 11:44:48 PM","SpiderClass.PrintDebugMessage","Lookup document(s) to spider"
"9/6/2014 11:44:48 PM","SpiderClass.PrintDebugMessage","Application jay4-aoSpider has finished"
"9/6/2014 11:50:47 PM","SpiderClass.PrintDebugMessage","Verify Seed (/index.php)"
"9/6/2014 11:50:47 PM","SpiderClass.PrintDebugMessage","Lookup document(s) to spider"
"9/6/2014 11:50:47 PM","SpiderClass.PrintDebugMessage","Application jay4-aoSpider has finished"
"9/6/2014 11:56:46 PM","SpiderClass.PrintDebugMessage","Verify Seed (/index.php)"
"9/6/2014 11:56:46 PM","SpiderClass.PrintDebugMessage","Lookup document(s) to spider"
"9/6/2014 11:56:46 PM","SpiderClass.PrintDebugMessage","Application jay4-aoSpider has finished"
