"9/7/2014 12:02:44 AM","SpiderClass.PrintDebugMessage","Verify Seed (/index.php)"
"9/7/2014 12:02:44 AM","SpiderClass.PrintDebugMessage","Lookup document(s) to spider"
"9/7/2014 12:02:45 AM","SpiderClass.PrintDebugMessage","Application jay4-aoSpider has finished"
"9/7/2014 12:33:21 AM","SpiderClass.PrintDebugMessage","Verify Seed (/index.php)"
"9/7/2014 12:33:21 AM","SpiderClass.PrintDebugMessage","Lookup document(s) to spider"
"9/7/2014 12:33:21 AM","SpiderClass.PrintDebugMessage","Remove links from deleted documents"
"9/7/2014 12:33:21 AM","SpiderClass.PrintDebugMessage","Remove links to deleted documents"
"9/7/2014 12:33:21 AM","SpiderClass.PrintDebugMessage","Remove errors from deleted documents"
"9/7/2014 12:33:21 AM","SpiderClass.PrintDebugMessage","Load URL exclude list"
"9/7/2014 12:33:21 AM","SpiderClass.PrintDebugMessage","Load URL ignore list"
"9/7/2014 12:33:21 AM","SpiderClass.PrintDebugMessage","Spider the first available document"
"9/7/2014 12:33:21 AM","SpiderClass.PrintDebugMessage","Spidering link [HTTP://jay4-aoSpider/ThisGoesNowhere]"
"9/7/2014 12:33:21 AM","SpiderClass.PrintDebugMessage","Requesting document from server [HTTP://jay4-aoSpider/ThisGoesNowhere]"
"9/7/2014 12:33:21 AM","SpiderClass.PrintDebugMessage","Pre-Authentication, did not pre-authorize because cookiename [jay4-aospidervisitor] <> visit"
"9/7/2014 12:33:21 AM","SpiderClass.PrintDebugMessage","Cookie good, adding to HTTP header."
"9/7/2014 12:33:21 AM","SpiderClass.PrintDebugMessage","non-Persistant cookie has expired (every midnight), deleted."
"9/7/2014 12:33:21 AM","SpiderClass.PrintDebugMessage","Pre-Authentication, did not pre-authorize because not cookiegood"
"9/7/2014 12:33:21 AM","SpiderClass.PrintDebugMessage","Getting Document..."
"9/7/2014 12:33:21 AM","SpiderClass.SpiderLink_GetDoc","fetching [HTTP://jay4-aoSpider/ThisGoesNowhere]+[c:\inetpub\jay4-aoSpider\files\SpiderWorking\2053923449.in]"
"9/7/2014 12:33:22 AM","SpiderClass.PrintDebugMessage","Document request complete [HTTP://jay4-aoSpider/ThisGoesNowhere]"
"9/7/2014 12:33:22 AM","SpiderClass.PrintDebugMessage","Analyzing document from link [HTTP://jay4-aoSpider/ThisGoesNowhere]"
"9/7/2014 12:33:22 AM","SpiderClass.PrintDebugMessage","Parsing HTTP header"
"9/7/2014 12:33:22 AM","SpiderClass.PrintDebugMessage","Parsing HTTP header, header lines found(15)"
"9/7/2014 12:33:22 AM","SpiderClass.PrintDebugMessage","Parsing HTTP header, Content-Length header (3636)"
"9/7/2014 12:33:22 AM","SpiderClass.PrintDebugMessage","Parsing HTTP header, Content-type header (text/html)"
"9/7/2014 12:33:22 AM","SpiderClass.PrintDebugMessage","Analyzing document, header response status [HTTP/1.1 404 Not Found] shows document failure"
"9/7/2014 12:33:57 AM","SpiderClass.PrintDebugMessage","Analyzing complete for link [HTTP://jay4-aoSpider/ThisGoesNowhere]"
"9/7/2014 12:33:57 AM","SpiderClass.PrintDebugMessage","Saving document results to database"
"9/7/2014 12:33:57 AM","SpiderClass.SpiderLink","Document [HTTP://jay4-aoSpider/ThisGoesNowhere] fetched, http status [HTTP/1.1 404 Not Found]"
"9/7/2014 12:33:57 AM","SpiderClass.PrintDebugMessage","Application jay4-aoSpider has finished"
"9/7/2014 12:34:41 AM","SpiderClass.PrintDebugMessage","Verify Seed (/index.php)"
"9/7/2014 12:34:41 AM","SpiderClass.PrintDebugMessage","Lookup document(s) to spider"
"9/7/2014 12:34:41 AM","SpiderClass.PrintDebugMessage","Remove links from deleted documents"
"9/7/2014 12:34:41 AM","SpiderClass.PrintDebugMessage","Remove links to deleted documents"
"9/7/2014 12:34:41 AM","SpiderClass.PrintDebugMessage","Remove errors from deleted documents"
"9/7/2014 12:34:41 AM","SpiderClass.PrintDebugMessage","Load URL exclude list"
"9/7/2014 12:34:41 AM","SpiderClass.PrintDebugMessage","Load URL ignore list"
"9/7/2014 12:34:41 AM","SpiderClass.PrintDebugMessage","Spider the first available document"
"9/7/2014 12:34:41 AM","SpiderClass.PrintDebugMessage","Spidering link [HTTP://jay4-aoSpider/ThisGoesNowhere]"
"9/7/2014 12:34:41 AM","SpiderClass.PrintDebugMessage","Requesting document from server [HTTP://jay4-aoSpider/ThisGoesNowhere]"
"9/7/2014 12:34:41 AM","SpiderClass.PrintDebugMessage","Pre-Authentication, did not pre-authorize because cookiename [jay4-aospidervisitor] <> visit"
"9/7/2014 12:34:41 AM","SpiderClass.PrintDebugMessage","Cookie good, adding to HTTP header."
"9/7/2014 12:34:41 AM","SpiderClass.PrintDebugMessage","Pre-Authentication, did not pre-authorize because cookiename [jay4-aospidervisit] <> visit"
"9/7/2014 12:34:41 AM","SpiderClass.PrintDebugMessage","Cookie good, adding to HTTP header."
"9/7/2014 12:34:41 AM","SpiderClass.PrintDebugMessage","Getting Document..."
"9/7/2014 12:34:41 AM","SpiderClass.SpiderLink_GetDoc","fetching [HTTP://jay4-aoSpider/ThisGoesNowhere]+[c:\inetpub\jay4-aoSpider\files\SpiderWorking\232837377.in]"
"9/7/2014 12:34:41 AM","SpiderClass.PrintDebugMessage","Document request complete [HTTP://jay4-aoSpider/ThisGoesNowhere]"
"9/7/2014 12:34:41 AM","SpiderClass.PrintDebugMessage","Analyzing document from link [HTTP://jay4-aoSpider/ThisGoesNowhere]"
"9/7/2014 12:34:41 AM","SpiderClass.PrintDebugMessage","Parsing HTTP header"
"9/7/2014 12:34:41 AM","SpiderClass.PrintDebugMessage","Parsing HTTP header, header lines found(14)"
"9/7/2014 12:34:41 AM","SpiderClass.PrintDebugMessage","Parsing HTTP header, Content-Length header (3428)"
"9/7/2014 12:34:41 AM","SpiderClass.PrintDebugMessage","Parsing HTTP header, Content-type header (text/html)"
"9/7/2014 12:34:41 AM","SpiderClass.PrintDebugMessage","Analyzing document, header response status [HTTP/1.1 404 Not Found] shows document failure"
"9/7/2014 12:34:48 AM","SpiderClass.PrintDebugMessage","Analyzing complete for link [HTTP://jay4-aoSpider/ThisGoesNowhere]"
"9/7/2014 12:34:48 AM","SpiderClass.PrintDebugMessage","Saving document results to database"
"9/7/2014 12:34:48 AM","SpiderClass.SpiderLink","Document [HTTP://jay4-aoSpider/ThisGoesNowhere] fetched, http status [HTTP/1.1 404 Not Found]"
"9/7/2014 12:34:48 AM","SpiderClass.PrintDebugMessage","Application jay4-aoSpider has finished"
