"10/5/2014 9:35:21 PM","SpiderClass.PrintDebugMessage","Verify Seed (/index.php)"
"10/5/2014 9:35:21 PM","SpiderClass.PrintDebugMessage","Lookup document(s) to spider"
"10/5/2014 9:35:21 PM","SpiderClass.PrintDebugMessage","Remove links from deleted documents"
"10/5/2014 9:35:21 PM","SpiderClass.PrintDebugMessage","Remove links to deleted documents"
"10/5/2014 9:35:21 PM","SpiderClass.PrintDebugMessage","Remove errors from deleted documents"
"10/5/2014 9:35:21 PM","SpiderClass.PrintDebugMessage","Load URL exclude list"
"10/5/2014 9:35:21 PM","SpiderClass.PrintDebugMessage","Load URL ignore list"
"10/5/2014 9:35:21 PM","SpiderClass.PrintDebugMessage","Spider the first available document"
"10/5/2014 9:35:50 PM","SpiderClass.PrintDebugMessage","Delete document 8 because it has no inbound links"
"10/5/2014 9:35:57 PM","SpiderClass.PrintDebugMessage","no valid documents found in spiderdocs"
"10/5/2014 9:35:57 PM","SpiderClass.PrintDebugMessage","Application jay4-aoSpider has finished"
"10/5/2014 9:37:42 PM","SpiderClass.PrintDebugMessage","Verify Seed (/index.php)"
"10/5/2014 9:37:42 PM","SpiderClass.PrintDebugMessage","Lookup document(s) to spider"
"10/5/2014 9:37:42 PM","SpiderClass.PrintDebugMessage","Remove links from deleted documents"
"10/5/2014 9:37:42 PM","SpiderClass.PrintDebugMessage","Remove links to deleted documents"
"10/5/2014 9:37:42 PM","SpiderClass.PrintDebugMessage","Remove errors from deleted documents"
"10/5/2014 9:37:42 PM","SpiderClass.PrintDebugMessage","Load URL exclude list"
"10/5/2014 9:37:42 PM","SpiderClass.PrintDebugMessage","Load URL ignore list"
"10/5/2014 9:37:42 PM","SpiderClass.PrintDebugMessage","Spider the first available document"
"10/5/2014 9:38:17 PM","SpiderClass.PrintDebugMessage","Verify Seed (/index.php)"
"10/5/2014 9:38:17 PM","SpiderClass.PrintDebugMessage","Lookup document(s) to spider"
"10/5/2014 9:38:17 PM","SpiderClass.PrintDebugMessage","Remove links from deleted documents"
"10/5/2014 9:38:17 PM","SpiderClass.PrintDebugMessage","Remove links to deleted documents"
"10/5/2014 9:38:17 PM","SpiderClass.PrintDebugMessage","Remove errors from deleted documents"
"10/5/2014 9:38:17 PM","SpiderClass.PrintDebugMessage","Load URL exclude list"
"10/5/2014 9:38:17 PM","SpiderClass.PrintDebugMessage","Load URL ignore list"
"10/5/2014 9:38:17 PM","SpiderClass.PrintDebugMessage","Spider the first available document"
"10/5/2014 9:38:24 PM","SpiderClass.PrintDebugMessage","Spidering link [http://www.healthmattersatwork.org]"
"10/5/2014 9:38:24 PM","SpiderClass.PrintDebugMessage","Requesting document from server [http://www.healthmattersatwork.org/]"
"10/5/2014 9:38:24 PM","SpiderClass.PrintDebugMessage","No cookie found for this domain."
"10/5/2014 9:38:24 PM","SpiderClass.PrintDebugMessage","Getting Document..."
"10/5/2014 9:38:24 PM","SpiderClass.SpiderLink_GetDoc","fetching [http://www.healthmattersatwork.org/]+[c:\inetpub\jay4-aoSpider\files\SpiderWorking\545975525.in]"
"10/5/2014 9:38:32 PM","SpiderClass.PrintDebugMessage","Document request complete [http://www.healthmattersatwork.org/]"
"10/5/2014 9:38:32 PM","SpiderClass.PrintDebugMessage","Analyzing document from link [http://www.healthmattersatwork.org/]"
"10/5/2014 9:38:32 PM","SpiderClass.PrintDebugMessage","Parsing HTTP header"
"10/5/2014 9:38:32 PM","SpiderClass.PrintDebugMessage","Parsing HTTP header, header lines found(15)"
"10/5/2014 9:38:32 PM","SpiderClass.PrintDebugMessage","Parsing HTTP header, Content-Length header (30793)"
"10/5/2014 9:38:32 PM","SpiderClass.PrintDebugMessage","Parsing HTTP header, Content-type header (text/html; charset=utf-8)"
"10/5/2014 9:38:32 PM","SpiderClass.PrintDebugMessage","Analyzing document, header response status [HTTP/1.1 200 OK] shows successful request"
"10/5/2014 9:38:32 PM","SpiderClass.PrintDebugMessage","Analyze document, document not analyzed because link [http://www.healthmattersatwork.org/] is not in the root domain [HTTP://jay4-aoSpider/]"
"10/5/2014 9:38:32 PM","SpiderClass.PrintDebugMessage","Analyzing complete for link [http://www.healthmattersatwork.org/]"
"10/5/2014 9:38:32 PM","SpiderClass.PrintDebugMessage","Saving document results to database"
"10/5/2014 9:38:32 PM","SpiderClass.SpiderLink","Document [http://www.healthmattersatwork.org] fetched, http status [HTTP/1.1 200 OK], 30793 characters found"
"10/5/2014 9:38:32 PM","SpiderClass.PrintDebugMessage","Application jay4-aoSpider has finished"
"10/5/2014 9:38:32 PM","SpiderClass.PrintDebugMessage","Spidering link [http://www.healthmattersatwork.org]"
"10/5/2014 9:38:32 PM","SpiderClass.PrintDebugMessage","Requesting document from server [http://www.healthmattersatwork.org/]"
"10/5/2014 9:38:32 PM","SpiderClass.PrintDebugMessage","Pre-Authentication, did not pre-authorize because cookiename [stagingchcvisitor] <> visit"
"10/5/2014 9:38:32 PM","SpiderClass.PrintDebugMessage","Cookie good, adding to HTTP header."
"10/5/2014 9:38:33 PM","SpiderClass.PrintDebugMessage","Pre-Authentication, did not pre-authorize because cookiename [stagingchcvisit] <> visit"
"10/5/2014 9:38:33 PM","SpiderClass.PrintDebugMessage","Cookie good, adding to HTTP header."
"10/5/2014 9:38:33 PM","SpiderClass.PrintDebugMessage","Getting Document..."
"10/5/2014 9:38:33 PM","SpiderClass.SpiderLink_GetDoc","fetching [http://www.healthmattersatwork.org/]+[c:\inetpub\jay4-aoSpider\files\SpiderWorking\392350077.in]"
"10/5/2014 9:38:40 PM","SpiderClass.PrintDebugMessage","Document request complete [http://www.healthmattersatwork.org/]"
"10/5/2014 9:38:40 PM","SpiderClass.PrintDebugMessage","Analyzing document from link [http://www.healthmattersatwork.org/]"
"10/5/2014 9:38:40 PM","SpiderClass.PrintDebugMessage","Parsing HTTP header"
"10/5/2014 9:38:40 PM","SpiderClass.PrintDebugMessage","Parsing HTTP header, header lines found(14)"
"10/5/2014 9:38:40 PM","SpiderClass.PrintDebugMessage","Parsing HTTP header, Content-Length header (30663)"
"10/5/2014 9:38:40 PM","SpiderClass.PrintDebugMessage","Parsing HTTP header, Content-type header (text/html; charset=utf-8)"
"10/5/2014 9:38:40 PM","SpiderClass.PrintDebugMessage","Analyzing document, header response status [HTTP/1.1 200 OK] shows successful request"
"10/5/2014 9:38:40 PM","SpiderClass.PrintDebugMessage","Analyze document, document not analyzed because link [http://www.healthmattersatwork.org/] is not in the root domain [HTTP://jay4-aoSpider/]"
"10/5/2014 9:38:40 PM","SpiderClass.PrintDebugMessage","Analyzing complete for link [http://www.healthmattersatwork.org/]"
"10/5/2014 9:38:40 PM","SpiderClass.PrintDebugMessage","Saving document results to database"
"10/5/2014 9:38:40 PM","SpiderClass.SpiderLink","Document [http://www.healthmattersatwork.org] fetched, http status [HTTP/1.1 200 OK], 30663 characters found"
"10/5/2014 9:38:40 PM","SpiderClass.PrintDebugMessage","Application jay4-aoSpider has finished"
"10/5/2014 9:44:13 PM","SpiderClass.PrintDebugMessage","Verify Seed (/index.php)"
"10/5/2014 9:44:13 PM","SpiderClass.PrintDebugMessage","Lookup document(s) to spider"
"10/5/2014 9:44:13 PM","SpiderClass.PrintDebugMessage","Application jay4-aoSpider has finished"
"10/5/2014 9:49:16 PM","SpiderClass.PrintDebugMessage","Verify Seed (/index.php)"
"10/5/2014 9:49:16 PM","SpiderClass.PrintDebugMessage","Lookup document(s) to spider"
"10/5/2014 9:49:16 PM","SpiderClass.PrintDebugMessage","Application jay4-aoSpider has finished"
"10/5/2014 9:55:17 PM","SpiderClass.PrintDebugMessage","Verify Seed (/index.php)"
"10/5/2014 9:55:17 PM","SpiderClass.PrintDebugMessage","Lookup document(s) to spider"
"10/5/2014 9:55:17 PM","SpiderClass.PrintDebugMessage","Application jay4-aoSpider has finished"
"10/5/2014 10:01:17 PM","SpiderClass.PrintDebugMessage","Verify Seed (/index.php)"
"10/5/2014 10:01:17 PM","SpiderClass.PrintDebugMessage","Lookup document(s) to spider"
"10/5/2014 10:01:17 PM","SpiderClass.PrintDebugMessage","Application jay4-aoSpider has finished"
"10/5/2014 10:07:12 PM","SpiderClass.PrintDebugMessage","Verify Seed (/index.php)"
"10/5/2014 10:07:12 PM","SpiderClass.PrintDebugMessage","Lookup document(s) to spider"
"10/5/2014 10:07:12 PM","SpiderClass.PrintDebugMessage","Application jay4-aoSpider has finished"
"10/5/2014 10:12:16 PM","SpiderClass.PrintDebugMessage","Verify Seed (/index.php)"
"10/5/2014 10:12:16 PM","SpiderClass.PrintDebugMessage","Lookup document(s) to spider"
"10/5/2014 10:12:16 PM","SpiderClass.PrintDebugMessage","Application jay4-aoSpider has finished"
"10/5/2014 10:18:17 PM","SpiderClass.PrintDebugMessage","Verify Seed (/index.php)"
"10/5/2014 10:18:17 PM","SpiderClass.PrintDebugMessage","Lookup document(s) to spider"
"10/5/2014 10:18:17 PM","SpiderClass.PrintDebugMessage","Application jay4-aoSpider has finished"
"10/5/2014 10:24:17 PM","SpiderClass.PrintDebugMessage","Verify Seed (/index.php)"
"10/5/2014 10:24:17 PM","SpiderClass.PrintDebugMessage","Lookup document(s) to spider"
"10/5/2014 10:24:17 PM","SpiderClass.PrintDebugMessage","Application jay4-aoSpider has finished"
"10/5/2014 10:30:17 PM","SpiderClass.PrintDebugMessage","Verify Seed (/index.php)"
"10/5/2014 10:30:17 PM","SpiderClass.PrintDebugMessage","Lookup document(s) to spider"
"10/5/2014 10:30:17 PM","SpiderClass.PrintDebugMessage","Application jay4-aoSpider has finished"
"10/5/2014 10:36:13 PM","SpiderClass.PrintDebugMessage","Verify Seed (/index.php)"
"10/5/2014 10:36:13 PM","SpiderClass.PrintDebugMessage","Lookup document(s) to spider"
"10/5/2014 10:36:13 PM","SpiderClass.PrintDebugMessage","Application jay4-aoSpider has finished"
"10/5/2014 10:41:16 PM","SpiderClass.PrintDebugMessage","Verify Seed (/index.php)"
"10/5/2014 10:41:16 PM","SpiderClass.PrintDebugMessage","Lookup document(s) to spider"
"10/5/2014 10:41:16 PM","SpiderClass.PrintDebugMessage","Application jay4-aoSpider has finished"
"10/5/2014 10:47:17 PM","SpiderClass.PrintDebugMessage","Verify Seed (/index.php)"
"10/5/2014 10:47:17 PM","SpiderClass.PrintDebugMessage","Lookup document(s) to spider"
"10/5/2014 10:47:17 PM","SpiderClass.PrintDebugMessage","Application jay4-aoSpider has finished"
"10/5/2014 10:53:17 PM","SpiderClass.PrintDebugMessage","Verify Seed (/index.php)"
"10/5/2014 10:53:17 PM","SpiderClass.PrintDebugMessage","Lookup document(s) to spider"
"10/5/2014 10:53:17 PM","SpiderClass.PrintDebugMessage","Application jay4-aoSpider has finished"
"10/5/2014 10:59:17 PM","SpiderClass.PrintDebugMessage","Verify Seed (/index.php)"
"10/5/2014 10:59:17 PM","SpiderClass.PrintDebugMessage","Lookup document(s) to spider"
"10/5/2014 10:59:17 PM","SpiderClass.PrintDebugMessage","Application jay4-aoSpider has finished"
"10/5/2014 11:05:12 PM","SpiderClass.PrintDebugMessage","Verify Seed (/index.php)"
"10/5/2014 11:05:12 PM","SpiderClass.PrintDebugMessage","Lookup document(s) to spider"
"10/5/2014 11:05:12 PM","SpiderClass.PrintDebugMessage","Application jay4-aoSpider has finished"
"10/5/2014 11:10:16 PM","SpiderClass.PrintDebugMessage","Verify Seed (/index.php)"
"10/5/2014 11:10:16 PM","SpiderClass.PrintDebugMessage","Lookup document(s) to spider"
"10/5/2014 11:10:16 PM","SpiderClass.PrintDebugMessage","Application jay4-aoSpider has finished"
