"10/5/2014 9:14:16 PM","SpiderClass.PrintDebugMessage","Verify Seed (/index.php)"
"10/5/2014 9:14:16 PM","SpiderClass.PrintDebugMessage","Lookup document(s) to spider"
"10/5/2014 9:14:16 PM","SpiderClass.PrintDebugMessage","Application jay4-aoSpider has finished"
"10/5/2014 9:20:16 PM","SpiderClass.PrintDebugMessage","Verify Seed (/index.php)"
"10/5/2014 9:20:16 PM","SpiderClass.PrintDebugMessage","Lookup document(s) to spider"
"10/5/2014 9:20:16 PM","SpiderClass.PrintDebugMessage","Application jay4-aoSpider has finished"
"10/5/2014 9:26:17 PM","SpiderClass.PrintDebugMessage","Verify Seed (/index.php)"
"10/5/2014 9:26:17 PM","SpiderClass.PrintDebugMessage","Lookup document(s) to spider"
"10/5/2014 9:26:17 PM","SpiderClass.PrintDebugMessage","Application jay4-aoSpider has finished"
"10/5/2014 9:31:26 PM","SpiderClass.PrintDebugMessage","Verify Seed (/index.php)"
"10/5/2014 9:31:26 PM","SpiderClass.PrintDebugMessage","Lookup document(s) to spider"
"10/5/2014 9:31:26 PM","SpiderClass.PrintDebugMessage","Remove links from deleted documents"
"10/5/2014 9:31:26 PM","SpiderClass.PrintDebugMessage","Remove links to deleted documents"
"10/5/2014 9:31:26 PM","SpiderClass.PrintDebugMessage","Remove errors from deleted documents"
"10/5/2014 9:31:26 PM","SpiderClass.PrintDebugMessage","Load URL exclude list"
"10/5/2014 9:31:26 PM","SpiderClass.PrintDebugMessage","Load URL ignore list"
"10/5/2014 9:31:26 PM","SpiderClass.PrintDebugMessage","Spider the first available document"
"10/5/2014 9:31:26 PM","SpiderClass.PrintDebugMessage","Delete document 7 because it has no inbound links"
"10/5/2014 9:31:26 PM","SpiderClass.PrintDebugMessage","no valid documents found in spiderdocs"
"10/5/2014 9:31:26 PM","SpiderClass.PrintDebugMessage","Application jay4-aoSpider has finished"
"10/5/2014 9:32:17 PM","SpiderClass.PrintDebugMessage","Verify Seed (/index.php)"
"10/5/2014 9:32:17 PM","SpiderClass.PrintDebugMessage","Lookup document(s) to spider"
"10/5/2014 9:32:17 PM","SpiderClass.PrintDebugMessage","Application jay4-aoSpider has finished"
